0 verbose cli /usr/local/bin/node /usr/local/bin/npm
1 info using npm@10.9.3
2 info using node@v22.18.0
3 silly config load:file:/usr/local/lib/node_modules/npm/npmrc
4 silly config load:file:/Users/mohamedamrin/Desktop/exhibitfabricmy/.npmrc
5 silly config load:file:/Users/mohamedamrin/.npmrc
6 silly config load:file:/usr/local/etc/npmrc
7 verbose title npm install @radix-ui/react-slot @radix-ui/react-dialog @radix-ui/react-label
8 verbose argv "install" "@radix-ui/react-slot" "@radix-ui/react-dialog" "@radix-ui/react-label" "--cache" ".npm-cache"
9 verbose logfile logs-max:10 dir:/Users/mohamedamrin/Desktop/exhibitfabricmy/.npm-cache/_logs/2025-10-19T18_18_00_475Z-
10 verbose logfile /Users/mohamedamrin/Desktop/exhibitfabricmy/.npm-cache/_logs/2025-10-19T18_18_00_475Z-debug-0.log
11 silly logfile done cleaning log files
12 silly packumentCache heap:4345298944 maxSize:1086324736 maxEntrySize:543162368
13 silly idealTree buildDeps
14 silly fetch manifest @radix-ui/react-slot@*
15 silly packumentCache full:https://registry.npmjs.org/@radix-ui%2freact-slot cache-miss
16 http fetch GET 200 https://registry.npmjs.org/@radix-ui%2freact-slot 523ms (cache miss)
17 silly packumentCache full:https://registry.npmjs.org/@radix-ui%2freact-slot set size:undefined disposed:false
18 silly fetch manifest @types/react@^19.0.8
19 silly packumentCache full:https://registry.npmjs.org/@types%2freact cache-miss
20 http fetch GET 200 https://registry.npmjs.org/@types%2freact 158ms (cache revalidated)
21 silly packumentCache full:https://registry.npmjs.org/@types%2freact set size:2504314 disposed:false
22 silly fetch manifest react@^19.0.0
23 silly packumentCache full:https://registry.npmjs.org/react cache-miss
24 http fetch GET 200 https://registry.npmjs.org/react 94ms (cache revalidated)
25 silly packumentCache full:https://registry.npmjs.org/react set size:6177206 disposed:false
26 silly fetch manifest @radix-ui/react-dialog@*
27 silly packumentCache full:https://registry.npmjs.org/@radix-ui%2freact-dialog cache-miss
28 http fetch GET 200 https://registry.npmjs.org/@radix-ui%2freact-dialog 312ms (cache miss)
29 silly packumentCache full:https://registry.npmjs.org/@radix-ui%2freact-dialog set size:undefined disposed:false
30 silly fetch manifest @types/react-dom@^19.0.4
31 silly packumentCache full:https://registry.npmjs.org/@types%2freact-dom cache-miss
32 http fetch GET 200 https://registry.npmjs.org/@types%2freact-dom 104ms (cache revalidated)
33 silly packumentCache full:https://registry.npmjs.org/@types%2freact-dom set size:426214 disposed:false
34 silly fetch manifest react-dom@^19.0.0
35 silly packumentCache full:https://registry.npmjs.org/react-dom cache-miss
36 http fetch GET 200 https://registry.npmjs.org/react-dom 112ms (cache revalidated)
37 silly packumentCache full:https://registry.npmjs.org/react-dom set size:8057263 disposed:false
38 silly fetch manifest @radix-ui/react-label@*
39 silly packumentCache full:https://registry.npmjs.org/@radix-ui%2freact-label cache-miss
40 http fetch GET 200 https://registry.npmjs.org/@radix-ui%2freact-label 313ms (cache miss)
41 silly packumentCache full:https://registry.npmjs.org/@radix-ui%2freact-label set size:undefined disposed:false
42 silly placeDep ROOT @radix-ui/react-dialog@1.1.15 OK for: exhibit-fabric@0.1.0 want: *
43 silly placeDep ROOT @radix-ui/react-label@2.1.7 OK for: exhibit-fabric@0.1.0 want: *
44 silly placeDep ROOT @radix-ui/react-slot@1.2.3 OK for: exhibit-fabric@0.1.0 want: *
45 silly fetch manifest aria-hidden@^1.2.4
46 silly packumentCache full:https://registry.npmjs.org/aria-hidden cache-miss
47 silly fetch manifest @radix-ui/react-id@1.1.1
48 silly packumentCache full:https://registry.npmjs.org/@radix-ui%2freact-id cache-miss
49 silly fetch manifest @radix-ui/primitive@1.1.3
50 silly packumentCache full:https://registry.npmjs.org/@radix-ui%2fprimitive cache-miss
51 silly fetch manifest react-remove-scroll@^2.6.3
52 silly packumentCache full:https://registry.npmjs.org/react-remove-scroll cache-miss
53 silly fetch manifest @radix-ui/react-slot@1.2.3
54 silly packumentCache full:https://registry.npmjs.org/@radix-ui%2freact-slot cache-miss
55 silly fetch manifest @radix-ui/react-portal@1.1.9
56 silly packumentCache full:https://registry.npmjs.org/@radix-ui%2freact-portal cache-miss
57 silly fetch manifest @radix-ui/react-context@1.1.2
58 silly packumentCache full:https://registry.npmjs.org/@radix-ui%2freact-context cache-miss
59 silly fetch manifest @radix-ui/react-presence@1.1.5
60 silly packumentCache full:https://registry.npmjs.org/@radix-ui%2freact-presence cache-miss
61 silly fetch manifest @radix-ui/react-primitive@2.1.3
62 silly packumentCache full:https://registry.npmjs.org/@radix-ui%2freact-primitive cache-miss
63 http cache https://registry.npmjs.org/@radix-ui%2freact-slot 8ms (cache hit)
64 silly packumentCache full:https://registry.npmjs.org/@radix-ui%2freact-slot set size:351089 disposed:false
65 silly fetch manifest @radix-ui/react-focus-scope@1.1.7
66 silly packumentCache full:https://registry.npmjs.org/@radix-ui%2freact-focus-scope cache-miss
67 http fetch GET 200 https://registry.npmjs.org/aria-hidden 102ms (cache miss)
68 silly packumentCache full:https://registry.npmjs.org/aria-hidden set size:undefined disposed:false
69 silly fetch manifest @radix-ui/react-compose-refs@1.1.2
70 silly packumentCache full:https://registry.npmjs.org/@radix-ui%2freact-compose-refs cache-miss
71 http fetch GET 200 https://registry.npmjs.org/react-remove-scroll 264ms (cache miss)
72 silly packumentCache full:https://registry.npmjs.org/react-remove-scroll set size:undefined disposed:false
73 silly fetch manifest @radix-ui/react-focus-guards@1.1.3
74 silly packumentCache full:https://registry.npmjs.org/@radix-ui%2freact-focus-guards cache-miss
75 http fetch GET 200 https://registry.npmjs.org/@radix-ui%2freact-compose-refs 304ms (cache miss)
76 silly packumentCache full:https://registry.npmjs.org/@radix-ui%2freact-compose-refs set size:undefined disposed:false
77 silly fetch manifest @radix-ui/react-dismissable-layer@1.1.11
78 silly packumentCache full:https://registry.npmjs.org/@radix-ui%2freact-dismissable-layer cache-miss
79 http fetch GET 200 https://registry.npmjs.org/@radix-ui%2freact-id 491ms (cache miss)
80 silly packumentCache full:https://registry.npmjs.org/@radix-ui%2freact-id set size:undefined disposed:false
81 silly fetch manifest @radix-ui/react-use-controllable-state@1.2.2
82 silly packumentCache full:https://registry.npmjs.org/@radix-ui%2freact-use-controllable-state cache-miss
83 http fetch GET 200 https://registry.npmjs.org/@radix-ui%2freact-primitive 507ms (cache miss)
84 silly packumentCache full:https://registry.npmjs.org/@radix-ui%2freact-primitive set size:undefined disposed:false
85 http fetch GET 200 https://registry.npmjs.org/@radix-ui%2freact-presence 520ms (cache miss)
86 silly packumentCache full:https://registry.npmjs.org/@radix-ui%2freact-presence set size:undefined disposed:false
87 http fetch GET 200 https://registry.npmjs.org/@radix-ui%2freact-context 535ms (cache miss)
88 silly packumentCache full:https://registry.npmjs.org/@radix-ui%2freact-context set size:undefined disposed:false
89 http fetch GET 200 https://registry.npmjs.org/@radix-ui%2fprimitive 544ms (cache miss)
90 silly packumentCache full:https://registry.npmjs.org/@radix-ui%2fprimitive set size:undefined disposed:false
91 http fetch GET 200 https://registry.npmjs.org/@radix-ui%2freact-focus-guards 329ms (cache miss)
92 silly packumentCache full:https://registry.npmjs.org/@radix-ui%2freact-focus-guards set size:undefined disposed:false
93 http fetch GET 200 https://registry.npmjs.org/@radix-ui%2freact-focus-scope 594ms (cache miss)
94 silly packumentCache full:https://registry.npmjs.org/@radix-ui%2freact-focus-scope set size:undefined disposed:false
95 http fetch GET 200 https://registry.npmjs.org/@radix-ui%2freact-portal 628ms (cache miss)
96 silly packumentCache full:https://registry.npmjs.org/@radix-ui%2freact-portal set size:undefined disposed:false
97 http fetch GET 200 https://registry.npmjs.org/@radix-ui%2freact-dismissable-layer 359ms (cache miss)
98 silly packumentCache full:https://registry.npmjs.org/@radix-ui%2freact-dismissable-layer set size:undefined disposed:false
99 http fetch GET 200 https://registry.npmjs.org/@radix-ui%2freact-use-controllable-state 327ms (cache miss)
100 silly packumentCache full:https://registry.npmjs.org/@radix-ui%2freact-use-controllable-state set size:undefined disposed:false
101 silly fetch manifest @types/react@*
102 silly packumentCache full:https://registry.npmjs.org/@types%2freact cache-miss
103 http cache https://registry.npmjs.org/@types%2freact 13ms (cache hit)
104 silly packumentCache full:https://registry.npmjs.org/@types%2freact set size:2504314 disposed:false
105 silly fetch manifest react@^16.8 || ^17.0 || ^18.0 || ^19.0 || ^19.0.0-rc
106 silly packumentCache full:https://registry.npmjs.org/react cache-miss
107 http cache https://registry.npmjs.org/react 6ms (cache hit)
108 silly packumentCache full:https://registry.npmjs.org/react set size:6177206 disposed:false
109 silly fetch manifest @types/react-dom@*
110 silly packumentCache full:https://registry.npmjs.org/@types%2freact-dom cache-hit
111 silly fetch manifest react-dom@^16.8 || ^17.0 || ^18.0 || ^19.0 || ^19.0.0-rc
112 silly packumentCache full:https://registry.npmjs.org/react-dom cache-miss
113 http cache https://registry.npmjs.org/react-dom 9ms (cache hit)
114 silly packumentCache full:https://registry.npmjs.org/react-dom set size:8057263 disposed:false
115 silly placeDep ROOT @radix-ui/primitive@1.1.3 OK for: @radix-ui/react-dialog@1.1.15 want: 1.1.3
116 silly placeDep ROOT @radix-ui/react-compose-refs@1.1.2 OK for: @radix-ui/react-dialog@1.1.15 want: 1.1.2
117 silly placeDep ROOT @radix-ui/react-context@1.1.2 OK for: @radix-ui/react-dialog@1.1.15 want: 1.1.2
118 silly placeDep ROOT @radix-ui/react-dismissable-layer@1.1.11 OK for: @radix-ui/react-dialog@1.1.15 want: 1.1.11
119 silly placeDep ROOT @radix-ui/react-focus-guards@1.1.3 OK for: @radix-ui/react-dialog@1.1.15 want: 1.1.3
120 silly placeDep ROOT @radix-ui/react-focus-scope@1.1.7 OK for: @radix-ui/react-dialog@1.1.15 want: 1.1.7
121 silly placeDep ROOT @radix-ui/react-id@1.1.1 OK for: @radix-ui/react-dialog@1.1.15 want: 1.1.1
122 silly placeDep ROOT @radix-ui/react-portal@1.1.9 OK for: @radix-ui/react-dialog@1.1.15 want: 1.1.9
123 silly placeDep ROOT @radix-ui/react-presence@1.1.5 OK for: @radix-ui/react-dialog@1.1.15 want: 1.1.5
124 silly placeDep ROOT @radix-ui/react-primitive@2.1.3 OK for: @radix-ui/react-dialog@1.1.15 want: 2.1.3
125 silly placeDep ROOT @radix-ui/react-use-controllable-state@1.2.2 OK for: @radix-ui/react-dialog@1.1.15 want: 1.2.2
126 silly placeDep ROOT aria-hidden@1.2.6 OK for: @radix-ui/react-dialog@1.1.15 want: ^1.2.4
127 silly placeDep ROOT react-remove-scroll@2.7.1 OK for: @radix-ui/react-dialog@1.1.15 want: ^2.6.3
128 silly fetch manifest @radix-ui/react-use-callback-ref@1.1.1
129 silly packumentCache full:https://registry.npmjs.org/@radix-ui%2freact-use-callback-ref cache-miss
130 silly fetch manifest @radix-ui/react-use-escape-keydown@1.1.1
131 silly packumentCache full:https://registry.npmjs.org/@radix-ui%2freact-use-escape-keydown cache-miss
132 silly fetch manifest @radix-ui/react-use-callback-ref@1.1.1
133 silly packumentCache full:https://registry.npmjs.org/@radix-ui%2freact-use-callback-ref cache-miss
134 silly fetch manifest @radix-ui/react-use-layout-effect@1.1.1
135 silly packumentCache full:https://registry.npmjs.org/@radix-ui%2freact-use-layout-effect cache-miss
136 silly fetch manifest @radix-ui/react-use-layout-effect@1.1.1
137 silly packumentCache full:https://registry.npmjs.org/@radix-ui%2freact-use-layout-effect cache-miss
138 silly fetch manifest @radix-ui/react-use-layout-effect@1.1.1
139 silly packumentCache full:https://registry.npmjs.org/@radix-ui%2freact-use-layout-effect cache-miss
140 silly fetch manifest @radix-ui/react-use-effect-event@0.0.2
141 silly packumentCache full:https://registry.npmjs.org/@radix-ui%2freact-use-effect-event cache-miss
142 silly fetch manifest @radix-ui/react-use-layout-effect@1.1.1
143 silly packumentCache full:https://registry.npmjs.org/@radix-ui%2freact-use-layout-effect cache-miss
144 silly fetch manifest react-remove-scroll-bar@^2.3.7
145 silly packumentCache full:https://registry.npmjs.org/react-remove-scroll-bar cache-miss
146 http fetch GET 200 https://registry.npmjs.org/react-remove-scroll-bar 93ms (cache miss)
147 silly packumentCache full:https://registry.npmjs.org/react-remove-scroll-bar set size:undefined disposed:false
148 silly fetch manifest react-style-singleton@^2.2.3
149 silly packumentCache full:https://registry.npmjs.org/react-style-singleton cache-miss
150 http fetch GET 200 https://registry.npmjs.org/react-style-singleton 83ms (cache miss)
151 silly packumentCache full:https://registry.npmjs.org/react-style-singleton set size:undefined disposed:false
152 silly fetch manifest use-callback-ref@^1.3.3
153 silly packumentCache full:https://registry.npmjs.org/use-callback-ref cache-miss
154 http fetch GET 200 https://registry.npmjs.org/use-callback-ref 165ms (cache miss)
155 silly packumentCache full:https://registry.npmjs.org/use-callback-ref set size:undefined disposed:false
156 silly fetch manifest use-sidecar@^1.1.3
157 silly packumentCache full:https://registry.npmjs.org/use-sidecar cache-miss
158 http fetch GET 200 https://registry.npmjs.org/@radix-ui%2freact-use-effect-event 358ms (cache miss)
159 silly packumentCache full:https://registry.npmjs.org/@radix-ui%2freact-use-effect-event set size:undefined disposed:false
160 http fetch GET 200 https://registry.npmjs.org/@radix-ui%2freact-use-layout-effect 369ms (cache miss)
161 silly packumentCache full:https://registry.npmjs.org/@radix-ui%2freact-use-layout-effect set size:undefined disposed:false
162 http fetch GET 200 https://registry.npmjs.org/@radix-ui%2freact-use-escape-keydown 373ms (cache miss)
163 silly packumentCache full:https://registry.npmjs.org/@radix-ui%2freact-use-escape-keydown set size:undefined disposed:false
164 http fetch GET 200 https://registry.npmjs.org/@radix-ui%2freact-use-layout-effect 376ms (cache miss)
165 silly packumentCache full:https://registry.npmjs.org/@radix-ui%2freact-use-layout-effect set size:undefined disposed:false
166 http fetch GET 200 https://registry.npmjs.org/@radix-ui%2freact-use-layout-effect 377ms (cache miss)
167 silly packumentCache full:https://registry.npmjs.org/@radix-ui%2freact-use-layout-effect set size:undefined disposed:false
168 http fetch GET 200 https://registry.npmjs.org/@radix-ui%2freact-use-callback-ref 413ms (cache miss)
169 silly packumentCache full:https://registry.npmjs.org/@radix-ui%2freact-use-callback-ref set size:undefined disposed:false
170 http fetch GET 200 https://registry.npmjs.org/@radix-ui%2freact-use-callback-ref 420ms (cache miss)
171 silly packumentCache full:https://registry.npmjs.org/@radix-ui%2freact-use-callback-ref set size:undefined disposed:false
172 http fetch GET 200 https://registry.npmjs.org/@radix-ui%2freact-use-layout-effect 432ms (cache miss)
173 silly packumentCache full:https://registry.npmjs.org/@radix-ui%2freact-use-layout-effect set size:undefined disposed:false
174 http fetch GET 200 https://registry.npmjs.org/use-sidecar 94ms (cache miss)
175 silly packumentCache full:https://registry.npmjs.org/use-sidecar set size:undefined disposed:false
176 silly placeDep ROOT @radix-ui/react-use-callback-ref@1.1.1 OK for: @radix-ui/react-dismissable-layer@1.1.11 want: 1.1.1
177 silly placeDep ROOT @radix-ui/react-use-escape-keydown@1.1.1 OK for: @radix-ui/react-dismissable-layer@1.1.11 want: 1.1.1
178 silly placeDep ROOT @radix-ui/react-use-layout-effect@1.1.1 OK for: @radix-ui/react-id@1.1.1 want: 1.1.1
179 silly placeDep ROOT @radix-ui/react-use-effect-event@0.0.2 OK for: @radix-ui/react-use-controllable-state@1.2.2 want: 0.0.2
180 silly fetch manifest react@^16.8.0 || ^17.0.0 || ^18.0.0 || ^19.0.0 || ^19.0.0-rc
181 silly packumentCache full:https://registry.npmjs.org/react cache-miss
182 http cache https://registry.npmjs.org/react 6ms (cache hit)
183 silly packumentCache full:https://registry.npmjs.org/react set size:6177206 disposed:false
184 silly placeDep ROOT react-remove-scroll-bar@2.3.8 OK for: react-remove-scroll@2.7.1 want: ^2.3.7
185 silly placeDep ROOT react-style-singleton@2.2.3 OK for: react-remove-scroll@2.7.1 want: ^2.2.3
186 silly placeDep ROOT use-callback-ref@1.3.3 OK for: react-remove-scroll@2.7.1 want: ^1.3.3
187 silly placeDep ROOT use-sidecar@1.1.3 OK for: react-remove-scroll@2.7.1 want: ^1.1.3
188 silly fetch manifest react-style-singleton@^2.2.2
189 silly packumentCache full:https://registry.npmjs.org/react-style-singleton cache-miss
190 silly fetch manifest get-nonce@^1.0.0
191 silly packumentCache full:https://registry.npmjs.org/get-nonce cache-miss
192 silly fetch manifest detect-node-es@^1.1.0
193 silly packumentCache full:https://registry.npmjs.org/detect-node-es cache-miss
194 http cache https://registry.npmjs.org/react-style-singleton 2ms (cache hit)
195 silly packumentCache full:https://registry.npmjs.org/react-style-singleton set size:33682 disposed:false
196 http fetch GET 200 https://registry.npmjs.org/detect-node-es 90ms (cache miss)
197 silly packumentCache full:https://registry.npmjs.org/detect-node-es set size:undefined disposed:false
198 http fetch GET 200 https://registry.npmjs.org/get-nonce 145ms (cache miss)
199 silly packumentCache full:https://registry.npmjs.org/get-nonce set size:undefined disposed:false
200 silly placeDep ROOT get-nonce@1.0.1 OK for: react-style-singleton@2.2.3 want: ^1.0.0
201 silly placeDep ROOT detect-node-es@1.1.0 OK for: use-sidecar@1.1.3 want: ^1.1.0
202 silly reify moves {}
203 verbose reify failed optional dependency /Users/mohamedamrin/Desktop/exhibitfabricmy/node_modules/@tailwindcss/oxide-wasm32-wasi
204 silly reify mark deleted [
204 silly reify   '/Users/mohamedamrin/Desktop/exhibitfabricmy/node_modules/@tailwindcss/oxide-wasm32-wasi'
204 silly reify ]
205 silly audit bulk request {
205 silly audit   '@alloc/quick-lru': [ '5.2.0' ],
205 silly audit   '@emnapi/core': [ '1.5.0' ],
205 silly audit   '@emnapi/runtime': [ '1.5.0' ],
205 silly audit   '@emnapi/wasi-threads': [ '1.1.0' ],
205 silly audit   '@eslint-community/eslint-utils': [ '4.9.0' ],
205 silly audit   'eslint-visitor-keys': [ '3.4.3', '4.2.1' ],
205 silly audit   '@eslint-community/regexpp': [ '4.12.1' ],
205 silly audit   '@eslint/config-array': [ '0.21.1' ],
205 silly audit   '@eslint/config-helpers': [ '0.4.1' ],
205 silly audit   '@eslint/core': [ '0.16.0' ],
205 silly audit   '@eslint/eslintrc': [ '3.3.1' ],
205 silly audit   '@eslint/js': [ '9.38.0' ],
205 silly audit   '@eslint/object-schema': [ '2.1.7' ],
205 silly audit   '@eslint/plugin-kit': [ '0.4.0' ],
205 silly audit   '@hookform/resolvers': [ '3.10.0' ],
205 silly audit   '@humanfs/core': [ '0.19.1' ],
205 silly audit   '@humanfs/node': [ '0.16.7' ],
205 silly audit   '@humanwhocodes/module-importer': [ '1.0.1' ],
205 silly audit   '@humanwhocodes/retry': [ '0.4.3' ],
205 silly audit   '@img/colour': [ '1.0.0' ],
205 silly audit   '@img/sharp-darwin-arm64': [ '0.34.4' ],
205 silly audit   '@img/sharp-darwin-x64': [ '0.34.4' ],
205 silly audit   '@img/sharp-libvips-darwin-arm64': [ '1.2.3' ],
205 silly audit   '@img/sharp-libvips-darwin-x64': [ '1.2.3' ],
205 silly audit   '@img/sharp-libvips-linux-arm': [ '1.2.3' ],
205 silly audit   '@img/sharp-libvips-linux-arm64': [ '1.2.3' ],
205 silly audit   '@img/sharp-libvips-linux-ppc64': [ '1.2.3' ],
205 silly audit   '@img/sharp-libvips-linux-s390x': [ '1.2.3' ],
205 silly audit   '@img/sharp-libvips-linux-x64': [ '1.2.3' ],
205 silly audit   '@img/sharp-libvips-linuxmusl-arm64': [ '1.2.3' ],
205 silly audit   '@img/sharp-libvips-linuxmusl-x64': [ '1.2.3' ],
205 silly audit   '@img/sharp-linux-arm': [ '0.34.4' ],
205 silly audit   '@img/sharp-linux-arm64': [ '0.34.4' ],
205 silly audit   '@img/sharp-linux-ppc64': [ '0.34.4' ],
205 silly audit   '@img/sharp-linux-s390x': [ '0.34.4' ],
205 silly audit   '@img/sharp-linux-x64': [ '0.34.4' ],
205 silly audit   '@img/sharp-linuxmusl-arm64': [ '0.34.4' ],
205 silly audit   '@img/sharp-linuxmusl-x64': [ '0.34.4' ],
205 silly audit   '@img/sharp-wasm32': [ '0.34.4' ],
205 silly audit   '@img/sharp-win32-arm64': [ '0.34.4' ],
205 silly audit   '@img/sharp-win32-ia32': [ '0.34.4' ],
205 silly audit   '@img/sharp-win32-x64': [ '0.34.4' ],
205 silly audit   '@isaacs/cliui': [ '8.0.2' ],
205 silly audit   '@isaacs/fs-minipass': [ '4.0.1' ],
205 silly audit   '@jridgewell/gen-mapping': [ '0.3.13' ],
205 silly audit   '@jridgewell/remapping': [ '2.3.5' ],
205 silly audit   '@jridgewell/resolve-uri': [ '3.1.2' ],
205 silly audit   '@jridgewell/sourcemap-codec': [ '1.5.5' ],
205 silly audit   '@jridgewell/trace-mapping': [ '0.3.31' ],
205 silly audit   '@napi-rs/wasm-runtime': [ '0.2.12' ],
205 silly audit   '@next/env': [ '15.5.6' ],
205 silly audit   '@next/eslint-plugin-next': [ '15.5.6' ],
205 silly audit   '@next/swc-darwin-arm64': [ '15.5.6' ],
205 silly audit   '@next/swc-darwin-x64': [ '15.5.6' ],
205 silly audit   '@next/swc-linux-arm64-gnu': [ '15.5.6' ],
205 silly audit   '@next/swc-linux-arm64-musl': [ '15.5.6' ],
205 silly audit   '@next/swc-linux-x64-gnu': [ '15.5.6' ],
205 silly audit   '@next/swc-linux-x64-musl': [ '15.5.6' ],
205 silly audit   '@next/swc-win32-arm64-msvc': [ '15.5.6' ],
205 silly audit   '@next/swc-win32-x64-msvc': [ '15.5.6' ],
205 silly audit   '@nodelib/fs.scandir': [ '2.1.5' ],
205 silly audit   '@nodelib/fs.stat': [ '2.0.5' ],
205 silly audit   '@nodelib/fs.walk': [ '1.2.8' ],
205 silly audit   '@nolyfill/is-core-module': [ '1.0.39' ],
205 silly audit   '@pkgjs/parseargs': [ '0.11.0' ],
205 silly audit   '@react-email/render': [ '1.1.2' ],
205 silly audit   '@rtsao/scc': [ '1.1.0' ],
205 silly audit   '@rushstack/eslint-patch': [ '1.14.0' ],
205 silly audit   '@selderee/plugin-htmlparser2': [ '0.11.0' ],
205 silly audit   '@supabase/auth-js': [ '2.75.1' ],
205 silly audit   '@supabase/functions-js': [ '2.75.1' ],
205 silly audit   '@supabase/node-fetch': [ '2.6.15' ],
205 silly audit   '@supabase/postgrest-js': [ '2.75.1' ],
205 silly audit   '@supabase/realtime-js': [ '2.75.1' ],
205 silly audit   '@supabase/storage-js': [ '2.75.1' ],
205 silly audit   '@supabase/supabase-js': [ '2.75.1' ],
205 silly audit   '@swc/helpers': [ '0.5.15' ],
205 silly audit   '@tailwindcss/node': [ '4.1.14' ],
205 silly audit   tailwindcss: [ '4.1.14', '3.4.18' ],
205 silly audit   '@tailwindcss/oxide': [ '4.1.14' ],
205 silly audit   '@tailwindcss/oxide-android-arm64': [ '4.1.14' ],
205 silly audit   '@tailwindcss/oxide-darwin-arm64': [ '4.1.14' ],
205 silly audit   '@tailwindcss/oxide-darwin-x64': [ '4.1.14' ],
205 silly audit   '@tailwindcss/oxide-freebsd-x64': [ '4.1.14' ],
205 silly audit   '@tailwindcss/oxide-linux-arm-gnueabihf': [ '4.1.14' ],
205 silly audit   '@tailwindcss/oxide-linux-arm64-gnu': [ '4.1.14' ],
205 silly audit   '@tailwindcss/oxide-linux-arm64-musl': [ '4.1.14' ],
205 silly audit   '@tailwindcss/oxide-linux-x64-gnu': [ '4.1.14' ],
205 silly audit   '@tailwindcss/oxide-linux-x64-musl': [ '4.1.14' ],
205 silly audit   '@tailwindcss/oxide-win32-arm64-msvc': [ '4.1.14' ],
205 silly audit   '@tailwindcss/oxide-win32-x64-msvc': [ '4.1.14' ],
205 silly audit   '@tailwindcss/postcss': [ '4.1.14' ],
205 silly audit   '@tybys/wasm-util': [ '0.10.1' ],
205 silly audit   '@types/estree': [ '1.0.8' ],
205 silly audit   '@types/json-schema': [ '7.0.15' ],
205 silly audit   '@types/json5': [ '0.0.29' ],
205 silly audit   '@types/node': [ '22.18.11' ],
205 silly audit   '@types/phoenix': [ '1.6.6' ],
205 silly audit   '@types/react': [ '19.2.2' ],
205 silly audit   '@types/react-dom': [ '19.2.2' ],
205 silly audit   '@types/ws': [ '8.18.1' ],
205 silly audit   '@typescript-eslint/eslint-plugin': [ '8.46.1' ],
205 silly audit   ignore: [ '7.0.5', '5.3.2' ],
205 silly audit   '@typescript-eslint/parser': [ '8.46.1' ],
205 silly audit   '@typescript-eslint/project-service': [ '8.46.1' ],
205 silly audit   '@typescript-eslint/scope-manager': [ '8.46.1' ],
205 silly audit   '@typescript-eslint/tsconfig-utils': [ '8.46.1' ],
205 silly audit   '@typescript-eslint/type-utils': [ '8.46.1' ],
205 silly audit   '@typescript-eslint/types': [ '8.46.1' ],
205 silly audit   '@typescript-eslint/typescript-estree': [ '8.46.1' ],
205 silly audit   'brace-expansion': [ '2.0.2', '1.1.12' ],
205 silly audit   'fast-glob': [ '3.3.3', '3.3.1' ],
205 silly audit   'glob-parent': [ '5.1.2', '6.0.2' ],
205 silly audit   minimatch: [ '9.0.5', '3.1.2' ],
205 silly audit   '@typescript-eslint/utils': [ '8.46.1' ],
205 silly audit   '@typescript-eslint/visitor-keys': [ '8.46.1' ],
205 silly audit   '@unrs/resolver-binding-android-arm-eabi': [ '1.11.1' ],
205 silly audit   '@unrs/resolver-binding-android-arm64': [ '1.11.1' ],
205 silly audit   '@unrs/resolver-binding-darwin-arm64': [ '1.11.1' ],
205 silly audit   '@unrs/resolver-binding-darwin-x64': [ '1.11.1' ],
205 silly audit   '@unrs/resolver-binding-freebsd-x64': [ '1.11.1' ],
205 silly audit   '@unrs/resolver-binding-linux-arm-gnueabihf': [ '1.11.1' ],
205 silly audit   '@unrs/resolver-binding-linux-arm-musleabihf': [ '1.11.1' ],
205 silly audit   '@unrs/resolver-binding-linux-arm64-gnu': [ '1.11.1' ],
205 silly audit   '@unrs/resolver-binding-linux-arm64-musl': [ '1.11.1' ],
205 silly audit   '@unrs/resolver-binding-linux-ppc64-gnu': [ '1.11.1' ],
205 silly audit   '@unrs/resolver-binding-linux-riscv64-gnu': [ '1.11.1' ],
205 silly audit   '@unrs/resolver-binding-linux-riscv64-musl': [ '1.11.1' ],
205 silly audit   '@unrs/resolver-binding-linux-s390x-gnu': [ '1.11.1' ],
205 silly audit   '@unrs/resolver-binding-linux-x64-gnu': [ '1.11.1' ],
205 silly audit   '@unrs/resolver-binding-linux-x64-musl': [ '1.11.1' ],
205 silly audit   '@unrs/resolver-binding-wasm32-wasi': [ '1.11.1' ],
205 silly audit   '@unrs/resolver-binding-win32-arm64-msvc': [ '1.11.1' ],
205 silly audit   '@unrs/resolver-binding-win32-ia32-msvc': [ '1.11.1' ],
205 silly audit   '@unrs/resolver-binding-win32-x64-msvc': [ '1.11.1' ],
205 silly audit   acorn: [ '8.15.0' ],
205 silly audit   'acorn-jsx': [ '5.3.2' ],
205 silly audit   ajv: [ '6.12.6' ],
205 silly audit   'ansi-regex': [ '6.2.2', '5.0.1' ],
205 silly audit   'ansi-styles': [ '4.3.0', '6.2.3' ],
205 silly audit   'any-promise': [ '1.3.0' ],
205 silly audit   anymatch: [ '3.1.3' ],
205 silly audit   arg: [ '5.0.2' ],
205 silly audit   argparse: [ '2.0.1' ],
205 silly audit   'aria-query': [ '5.3.2' ],
205 silly audit   'array-buffer-byte-length': [ '1.0.2' ],
205 silly audit   'array-includes': [ '3.1.9' ],
205 silly audit   'array.prototype.findlast': [ '1.2.5' ],
205 silly audit   'array.prototype.findlastindex': [ '1.2.6' ],
205 silly audit   'array.prototype.flat': [ '1.3.3' ],
205 silly audit   'array.prototype.flatmap': [ '1.3.3' ],
205 silly audit   'array.prototype.tosorted': [ '1.1.4' ],
205 silly audit   'arraybuffer.prototype.slice': [ '1.0.4' ],
205 silly audit   'ast-types-flow': [ '0.0.8' ],
205 silly audit   'async-function': [ '1.0.0' ],
205 silly audit   'available-typed-arrays': [ '1.0.7' ],
205 silly audit   'axe-core': [ '4.11.0' ],
205 silly audit   'axobject-query': [ '4.1.0' ],
205 silly audit   'balanced-match': [ '1.0.2' ],
205 silly audit   'binary-extensions': [ '2.3.0' ],
205 silly audit   braces: [ '3.0.3' ],
205 silly audit   'call-bind': [ '1.0.8' ],
205 silly audit   'call-bind-apply-helpers': [ '1.0.2' ],
205 silly audit   'call-bound': [ '1.0.4' ],
205 silly audit   callsites: [ '3.1.0' ],
205 silly audit   'camelcase-css': [ '2.0.1' ],
205 silly audit   'caniuse-lite': [ '1.0.30001751' ],
205 silly audit   chalk: [ '4.1.2' ],
205 silly audit   chokidar: [ '3.6.0' ],
205 silly audit   chownr: [ '3.0.0' ],
205 silly audit   'class-variance-authority': [ '0.7.1' ],
205 silly audit   'client-only': [ '0.0.1' ],
205 silly audit   clsx: [ '2.1.1' ],
205 silly audit   'color-convert': [ '2.0.1' ],
205 silly audit   'color-name': [ '1.1.4' ],
205 silly audit   commander: [ '4.1.1' ],
205 silly audit   'concat-map': [ '0.0.1' ],
205 silly audit   'cross-spawn': [ '7.0.6' ],
205 silly audit   cssesc: [ '3.0.0' ],
205 silly audit   csstype: [ '3.1.3' ],
205 silly audit   'damerau-levenshtein': [ '1.0.8' ],
205 silly audit   'data-view-buffer': [ '1.0.2' ],
205 silly audit   'data-view-byte-length': [ '1.0.2' ],
205 silly audit   'data-view-byte-offset': [ '1.0.1' ],
205 silly audit   debug: [ '4.4.3', '3.2.7' ],
205 silly audit   'deep-is': [ '0.1.4' ],
205 silly audit   deepmerge: [ '4.3.1' ],
205 silly audit   'define-data-property': [ '1.1.4' ],
205 silly audit   'define-properties': [ '1.2.1' ],
205 silly audit   'detect-libc': [ '2.1.2' ],
205 silly audit   didyoumean: [ '1.2.2' ],
205 silly audit   dlv: [ '1.1.3' ],
205 silly audit   doctrine: [ '2.1.0' ],
205 silly audit   'dom-serializer': [ '2.0.0' ],
205 silly audit   domelementtype: [ '2.3.0' ],
205 silly audit   domhandler: [ '5.0.3' ],
205 silly audit   domutils: [ '3.2.2' ],
205 silly audit   'dunder-proto': [ '1.0.1' ],
205 silly audit   eastasianwidth: [ '0.2.0' ],
205 silly audit   'embla-carousel': [ '8.6.0' ],
205 silly audit   'embla-carousel-react': [ '8.6.0' ],
205 silly audit   'embla-carousel-reactive-utils': [ '8.6.0' ],
205 silly audit   'emoji-regex': [ '9.2.2', '8.0.0' ],
205 silly audit   'enhanced-resolve': [ '5.18.3' ],
205 silly audit   entities: [ '4.5.0' ],
205 silly audit   'es-abstract': [ '1.24.0' ],
205 silly audit   'es-define-property': [ '1.0.1' ],
205 silly audit   'es-errors': [ '1.3.0' ],
205 silly audit   'es-iterator-helpers': [ '1.2.1' ],
205 silly audit   'es-object-atoms': [ '1.1.1' ],
205 silly audit   'es-set-tostringtag': [ '2.1.0' ],
205 silly audit   'es-shim-unscopables': [ '1.1.0' ],
205 silly audit   'es-to-primitive': [ '1.3.0' ],
205 silly audit   'escape-string-regexp': [ '4.0.0' ],
205 silly audit   eslint: [ '9.38.0' ],
205 silly audit   'eslint-config-next': [ '15.5.6' ],
205 silly audit   'eslint-import-resolver-node': [ '0.3.9' ],
205 silly audit   'eslint-import-resolver-typescript': [ '3.10.1' ],
205 silly audit   'eslint-module-utils': [ '2.12.1' ],
205 silly audit   'eslint-plugin-import': [ '2.32.0' ],
205 silly audit   semver: [ '6.3.1', '7.7.3' ],
205 silly audit   'eslint-plugin-jsx-a11y': [ '6.10.2' ],
205 silly audit   'eslint-plugin-react': [ '7.37.5' ],
205 silly audit   'eslint-plugin-react-hooks': [ '5.2.0' ],
205 silly audit   resolve: [ '2.0.0-next.5', '1.22.10' ],
205 silly audit   'eslint-scope': [ '8.4.0' ],
205 silly audit   espree: [ '10.4.0' ],
205 silly audit   esquery: [ '1.6.0' ],
205 silly audit   esrecurse: [ '4.3.0' ],
205 silly audit   estraverse: [ '5.3.0' ],
205 silly audit   esutils: [ '2.0.3' ],
205 silly audit   'fast-deep-equal': [ '3.1.3', '2.0.1' ],
205 silly audit   'fast-json-stable-stringify': [ '2.1.0' ],
205 silly audit   'fast-levenshtein': [ '2.0.6' ],
205 silly audit   fastq: [ '1.19.1' ],
205 silly audit   'file-entry-cache': [ '8.0.0' ],
205 silly audit   'fill-range': [ '7.1.1' ],
205 silly audit   'find-up': [ '5.0.0' ],
205 silly audit   'flat-cache': [ '4.0.1' ],
205 silly audit   flatted: [ '3.3.3' ],
205 silly audit   'for-each': [ '0.3.5' ],
205 silly audit   'foreground-child': [ '3.3.1' ],
205 silly audit   'framer-motion': [ '11.18.2' ],
205 silly audit   fsevents: [ '2.3.3' ],
205 silly audit   'function-bind': [ '1.1.2' ],
205 silly audit   'function.prototype.name': [ '1.1.8' ],
205 silly audit   'functions-have-names': [ '1.2.3' ],
205 silly audit   'generator-function': [ '2.0.1' ],
205 silly audit   'get-intrinsic': [ '1.3.0' ],
205 silly audit   'get-proto': [ '1.0.1' ],
205 silly audit   'get-symbol-description': [ '1.1.0' ],
205 silly audit   'get-tsconfig': [ '4.12.0' ],
205 silly audit   glob: [ '10.4.5' ],
205 silly audit   globals: [ '14.0.0' ],
205 silly audit   globalthis: [ '1.0.4' ],
205 silly audit   gopd: [ '1.2.0' ],
205 silly audit   'graceful-fs': [ '4.2.11' ],
205 silly audit   graphemer: [ '1.4.0' ],
205 silly audit   'has-bigints': [ '1.1.0' ],
205 silly audit   'has-flag': [ '4.0.0' ],
205 silly audit   'has-property-descriptors': [ '1.0.2' ],
205 silly audit   'has-proto': [ '1.2.0' ],
205 silly audit   'has-symbols': [ '1.1.0' ],
205 silly audit   'has-tostringtag': [ '1.0.2' ],
205 silly audit   hasown: [ '2.0.2' ],
205 silly audit   'html-to-text': [ '9.0.5' ],
205 silly audit   htmlparser2: [ '8.0.2' ],
205 silly audit   'import-fresh': [ '3.3.1' ],
205 silly audit   imurmurhash: [ '0.1.4' ],
205 silly audit   'internal-slot': [ '1.1.0' ],
205 silly audit   'is-array-buffer': [ '3.0.5' ],
205 silly audit   'is-async-function': [ '2.1.1' ],
205 silly audit   'is-bigint': [ '1.1.0' ],
205 silly audit   'is-binary-path': [ '2.1.0' ],
205 silly audit   'is-boolean-object': [ '1.2.2' ],
205 silly audit   'is-bun-module': [ '2.0.0' ],
205 silly audit   'is-callable': [ '1.2.7' ],
205 silly audit   'is-core-module': [ '2.16.1' ],
205 silly audit   'is-data-view': [ '1.0.2' ],
205 silly audit   'is-date-object': [ '1.1.0' ],
205 silly audit   'is-extglob': [ '2.1.1' ],
205 silly audit   'is-finalizationregistry': [ '1.1.1' ],
205 silly audit   'is-fullwidth-code-point': [ '3.0.0' ],
205 silly audit   'is-generator-function': [ '1.1.2' ],
205 silly audit   'is-glob': [ '4.0.3' ],
205 silly audit   'is-map': [ '2.0.3' ],
205 silly audit   'is-negative-zero': [ '2.0.3' ],
205 silly audit   'is-number': [ '7.0.0' ],
205 silly audit   'is-number-object': [ '1.1.1' ],
205 silly audit   'is-regex': [ '1.2.1' ],
205 silly audit   'is-set': [ '2.0.3' ],
205 silly audit   'is-shared-array-buffer': [ '1.0.4' ],
205 silly audit   'is-string': [ '1.1.1' ],
205 silly audit   'is-symbol': [ '1.1.1' ],
205 silly audit   'is-typed-array': [ '1.1.15' ],
205 silly audit   'is-weakmap': [ '2.0.2' ],
205 silly audit   'is-weakref': [ '1.1.1' ],
205 silly audit   'is-weakset': [ '2.0.4' ],
205 silly audit   isarray: [ '2.0.5' ],
205 silly audit   isexe: [ '2.0.0' ],
205 silly audit   'iterator.prototype': [ '1.1.5' ],
205 silly audit   jackspeak: [ '3.4.3' ],
205 silly audit   jiti: [ '2.6.1', '1.21.7' ],
205 silly audit   'js-tokens': [ '4.0.0' ],
205 silly audit   'js-yaml': [ '4.1.0' ],
205 silly audit   'json-buffer': [ '3.0.1' ],
205 silly audit   'json-schema-traverse': [ '0.4.1' ],
205 silly audit   'json-stable-stringify-without-jsonify': [ '1.0.1' ],
205 silly audit   json5: [ '1.0.2' ],
205 silly audit   'jsx-ast-utils': [ '3.3.5' ],
205 silly audit   keyv: [ '4.5.4' ],
205 silly audit   'language-subtag-registry': [ '0.3.23' ],
205 silly audit   'language-tags': [ '1.0.9' ],
205 silly audit   leac: [ '0.6.0' ],
205 silly audit   levn: [ '0.4.1' ],
205 silly audit   lightningcss: [ '1.30.1' ],
205 silly audit   'lightningcss-darwin-arm64': [ '1.30.1' ],
205 silly audit   'lightningcss-darwin-x64': [ '1.30.1' ],
205 silly audit   'lightningcss-freebsd-x64': [ '1.30.1' ],
205 silly audit   'lightningcss-linux-arm-gnueabihf': [ '1.30.1' ],
205 silly audit   'lightningcss-linux-arm64-gnu': [ '1.30.1' ],
205 silly audit   'lightningcss-linux-arm64-musl': [ '1.30.1' ],
205 silly audit   'lightningcss-linux-x64-gnu': [ '1.30.1' ],
205 silly audit   'lightningcss-linux-x64-musl': [ '1.30.1' ],
205 silly audit   'lightningcss-win32-arm64-msvc': [ '1.30.1' ],
205 silly audit   'lightningcss-win32-x64-msvc': [ '1.30.1' ],
205 silly audit   lilconfig: [ '3.1.3' ],
205 silly audit   'lines-and-columns': [ '1.2.4' ],
205 silly audit   'locate-path': [ '6.0.0' ],
205 silly audit   'lodash.merge': [ '4.6.2' ],
205 silly audit   'loose-envify': [ '1.4.0' ],
205 silly audit   'lru-cache': [ '10.4.3' ],
205 silly audit   'lucide-react': [ '0.468.0' ],
205 silly audit   'magic-string': [ '0.30.19' ],
205 silly audit   'math-intrinsics': [ '1.1.0' ],
205 silly audit   merge2: [ '1.4.1' ],
205 silly audit   micromatch: [ '4.0.8' ],
205 silly audit   minimist: [ '1.2.8' ],
205 silly audit   minipass: [ '7.1.2' ],
205 silly audit   minizlib: [ '3.1.0' ],
205 silly audit   'motion-dom': [ '11.18.1' ],
205 silly audit   'motion-utils': [ '11.18.1' ],
205 silly audit   ms: [ '2.1.3' ],
205 silly audit   mz: [ '2.7.0' ],
205 silly audit   nanoid: [ '3.3.11' ],
205 silly audit   'napi-postinstall': [ '0.3.4' ],
205 silly audit   'natural-compare': [ '1.4.0' ],
205 silly audit   next: [ '15.5.6' ],
205 silly audit   postcss: [ '8.4.31', '8.5.6' ],
205 silly audit   'normalize-path': [ '3.0.0' ],
205 silly audit   'object-assign': [ '4.1.1' ],
205 silly audit   'object-hash': [ '3.0.0' ],
205 silly audit   'object-inspect': [ '1.13.4' ],
205 silly audit   'object-keys': [ '1.1.1' ],
205 silly audit   'object.assign': [ '4.1.7' ],
205 silly audit   'object.entries': [ '1.1.9' ],
205 silly audit   'object.fromentries': [ '2.0.8' ],
205 silly audit   'object.groupby': [ '1.0.3' ],
205 silly audit   'object.values': [ '1.2.1' ],
205 silly audit   optionator: [ '0.9.4' ],
205 silly audit   'own-keys': [ '1.0.1' ],
205 silly audit   'p-limit': [ '3.1.0' ],
205 silly audit   'p-locate': [ '5.0.0' ],
205 silly audit   'package-json-from-dist': [ '1.0.1' ],
205 silly audit   'parent-module': [ '1.0.1' ],
205 silly audit   parseley: [ '0.12.1' ],
205 silly audit   'path-exists': [ '4.0.0' ],
205 silly audit   'path-key': [ '3.1.1' ],
205 silly audit   'path-parse': [ '1.0.7' ],
205 silly audit   'path-scurry': [ '1.11.1' ],
205 silly audit   peberminta: [ '0.9.0' ],
205 silly audit   picocolors: [ '1.1.1' ],
205 silly audit   picomatch: [ '2.3.1', '4.0.3' ],
205 silly audit   pify: [ '2.3.0' ],
205 silly audit   pirates: [ '4.0.7' ],
205 silly audit   'possible-typed-array-names': [ '1.1.0' ],
205 silly audit   'postcss-import': [ '15.1.0' ],
205 silly audit   'postcss-js': [ '4.1.0' ],
205 silly audit   'postcss-load-config': [ '6.0.1' ],
205 silly audit   'postcss-nested': [ '6.2.0' ],
205 silly audit   'postcss-selector-parser': [ '6.1.2' ],
205 silly audit   'postcss-value-parser': [ '4.2.0' ],
205 silly audit   'prelude-ls': [ '1.2.1' ],
205 silly audit   prettier: [ '3.6.2' ],
205 silly audit   'prop-types': [ '15.8.1' ],
205 silly audit   punycode: [ '2.3.1' ],
205 silly audit   'queue-microtask': [ '1.2.3' ],
205 silly audit   react: [ '19.2.0' ],
205 silly audit   'react-dom': [ '19.2.0' ],
205 silly audit   'react-hook-form': [ '7.65.0' ],
205 silly audit   'react-is': [ '16.13.1' ],
205 silly audit   'react-promise-suspense': [ '0.3.4' ],
205 silly audit   'read-cache': [ '1.0.0' ],
205 silly audit   readdirp: [ '3.6.0' ],
205 silly audit   'reflect.getprototypeof': [ '1.0.10' ],
205 silly audit   'regexp.prototype.flags': [ '1.5.4' ],
205 silly audit   resend: [ '4.8.0' ],
205 silly audit   'resolve-from': [ '4.0.0' ],
205 silly audit   'resolve-pkg-maps': [ '1.0.0' ],
205 silly audit   reusify: [ '1.1.0' ],
205 silly audit   'run-parallel': [ '1.2.0' ],
205 silly audit   'safe-array-concat': [ '1.1.3' ],
205 silly audit   'safe-push-apply': [ '1.0.0' ],
205 silly audit   'safe-regex-test': [ '1.1.0' ],
205 silly audit   scheduler: [ '0.27.0' ],
205 silly audit   selderee: [ '0.11.0' ],
205 silly audit   'set-function-length': [ '1.2.2' ],
205 silly audit   'set-function-name': [ '2.0.2' ],
205 silly audit   'set-proto': [ '1.0.0' ],
205 silly audit   sharp: [ '0.34.4' ],
205 silly audit   'shebang-command': [ '2.0.0' ],
205 silly audit   'shebang-regex': [ '3.0.0' ],
205 silly audit   'side-channel': [ '1.1.0' ],
205 silly audit   'side-channel-list': [ '1.0.0' ],
205 silly audit   'side-channel-map': [ '1.0.1' ],
205 silly audit   'side-channel-weakmap': [ '1.0.2' ],
205 silly audit   'signal-exit': [ '4.1.0' ],
205 silly audit   sonner: [ '1.7.4' ],
205 silly audit   'source-map-js': [ '1.2.1' ],
205 silly audit   'stable-hash': [ '0.0.5' ],
205 silly audit   'stop-iteration-iterator': [ '1.1.0' ],
205 silly audit   'string-width': [ '5.1.2', '4.2.3' ],
205 silly audit   'strip-ansi': [ '6.0.1', '7.1.2' ],
205 silly audit   'string.prototype.includes': [ '2.0.1' ],
205 silly audit   'string.prototype.matchall': [ '4.0.12' ],
205 silly audit   'string.prototype.repeat': [ '1.0.0' ],
205 silly audit   'string.prototype.trim': [ '1.2.10' ],
205 silly audit   'string.prototype.trimend': [ '1.0.9' ],
205 silly audit   'string.prototype.trimstart': [ '1.0.8' ],
205 silly audit   'strip-bom': [ '3.0.0' ],
205 silly audit   'strip-json-comments': [ '3.1.1' ],
205 silly audit   'styled-jsx': [ '5.1.6' ],
205 silly audit   sucrase: [ '3.35.0' ],
205 silly audit   'supports-color': [ '7.2.0' ],
205 silly audit   'supports-preserve-symlinks-flag': [ '1.0.0' ],
205 silly audit   'tailwind-merge': [ '2.6.0' ],
205 silly audit   'tailwindcss-animate': [ '1.0.7' ],
205 silly audit   tapable: [ '2.3.0' ],
205 silly audit   tar: [ '7.5.1' ],
205 silly audit   thenify: [ '3.3.1' ],
205 silly audit   'thenify-all': [ '1.6.0' ],
205 silly audit   tinyglobby: [ '0.2.15' ],
205 silly audit   fdir: [ '6.5.0' ],
205 silly audit   'to-regex-range': [ '5.0.1' ],
205 silly audit   tr46: [ '0.0.3' ],
205 silly audit   'ts-api-utils': [ '2.1.0' ],
205 silly audit   'ts-interface-checker': [ '0.1.13' ],
205 silly audit   'tsconfig-paths': [ '3.15.0' ],
205 silly audit   tslib: [ '2.8.1' ],
205 silly audit   'type-check': [ '0.4.0' ],
205 silly audit   'typed-array-buffer': [ '1.0.3' ],
205 silly audit   'typed-array-byte-length': [ '1.0.3' ],
205 silly audit   'typed-array-byte-offset': [ '1.0.4' ],
205 silly audit   'typed-array-length': [ '1.0.7' ],
205 silly audit   typescript: [ '5.9.3' ],
205 silly audit   'unbox-primitive': [ '1.1.0' ],
205 silly audit   'undici-types': [ '6.21.0' ],
205 silly audit   'unrs-resolver': [ '1.11.1' ],
205 silly audit   'uri-js': [ '4.4.1' ],
205 silly audit   'util-deprecate': [ '1.0.2' ],
205 silly audit   'webidl-conversions': [ '3.0.1' ],
205 silly audit   'whatwg-url': [ '5.0.0' ],
205 silly audit   which: [ '2.0.2' ],
205 silly audit   'which-boxed-primitive': [ '1.1.1' ],
205 silly audit   'which-builtin-type': [ '1.2.1' ],
205 silly audit   'which-collection': [ '1.0.2' ],
205 silly audit   'which-typed-array': [ '1.1.19' ],
205 silly audit   'word-wrap': [ '1.2.5' ],
205 silly audit   'wrap-ansi': [ '8.1.0', '7.0.0' ],
205 silly audit   ws: [ '8.18.3' ],
205 silly audit   yallist: [ '5.0.0' ],
205 silly audit   'yet-another-react-lightbox': [ '3.25.0' ],
205 silly audit   'yocto-queue': [ '0.1.0' ],
205 silly audit   zod: [ '3.25.76' ],
205 silly audit   '@radix-ui/react-dialog': [ '1.1.15' ],
205 silly audit   '@radix-ui/react-label': [ '2.1.7' ],
205 silly audit   '@radix-ui/react-slot': [ '1.2.3' ],
205 silly audit   '@radix-ui/primitive': [ '1.1.3' ],
205 silly audit   '@radix-ui/react-compose-refs': [ '1.1.2' ],
205 silly audit   '@radix-ui/react-context': [ '1.1.2' ],
205 silly audit   '@radix-ui/react-dismissable-layer': [ '1.1.11' ],
205 silly audit   '@radix-ui/react-focus-guards': [ '1.1.3' ],
205 silly audit   '@radix-ui/react-focus-scope': [ '1.1.7' ],
205 silly audit   '@radix-ui/react-id': [ '1.1.1' ],
205 silly audit   '@radix-ui/react-portal': [ '1.1.9' ],
205 silly audit   '@radix-ui/react-presence': [ '1.1.5' ],
205 silly audit   '@radix-ui/react-primitive': [ '2.1.3' ],
205 silly audit   '@radix-ui/react-use-controllable-state': [ '1.2.2' ],
205 silly audit   'aria-hidden': [ '1.2.6' ],
205 silly audit   'react-remove-scroll': [ '2.7.1' ],
205 silly audit   '@radix-ui/react-use-callback-ref': [ '1.1.1' ],
205 silly audit   '@radix-ui/react-use-escape-keydown': [ '1.1.1' ],
205 silly audit   '@radix-ui/react-use-layout-effect': [ '1.1.1' ],
205 silly audit   '@radix-ui/react-use-effect-event': [ '0.0.2' ],
205 silly audit   'react-remove-scroll-bar': [ '2.3.8' ],
205 silly audit   'react-style-singleton': [ '2.2.3' ],
205 silly audit   'use-callback-ref': [ '1.3.3' ],
205 silly audit   'use-sidecar': [ '1.1.3' ],
205 silly audit   'get-nonce': [ '1.0.1' ],
205 silly audit   'detect-node-es': [ '1.1.0' ],
205 silly audit   '@tailwindcss/oxide-wasm32-wasi': [ '4.1.14' ]
205 silly audit }
206 verbose reify failed optional dependency /Users/mohamedamrin/Desktop/exhibitfabricmy/node_modules/lightningcss-win32-x64-msvc
207 silly reify mark deleted [
207 silly reify   '/Users/mohamedamrin/Desktop/exhibitfabricmy/node_modules/lightningcss-win32-x64-msvc'
207 silly reify ]
208 verbose reify failed optional dependency /Users/mohamedamrin/Desktop/exhibitfabricmy/node_modules/lightningcss-win32-arm64-msvc
209 silly reify mark deleted [
209 silly reify   '/Users/mohamedamrin/Desktop/exhibitfabricmy/node_modules/lightningcss-win32-arm64-msvc'
209 silly reify ]
210 verbose reify failed optional dependency /Users/mohamedamrin/Desktop/exhibitfabricmy/node_modules/lightningcss-linux-x64-musl
211 silly reify mark deleted [
211 silly reify   '/Users/mohamedamrin/Desktop/exhibitfabricmy/node_modules/lightningcss-linux-x64-musl'
211 silly reify ]
212 verbose reify failed optional dependency /Users/mohamedamrin/Desktop/exhibitfabricmy/node_modules/lightningcss-linux-x64-gnu
213 silly reify mark deleted [
213 silly reify   '/Users/mohamedamrin/Desktop/exhibitfabricmy/node_modules/lightningcss-linux-x64-gnu'
213 silly reify ]
214 verbose reify failed optional dependency /Users/mohamedamrin/Desktop/exhibitfabricmy/node_modules/lightningcss-linux-arm64-musl
215 silly reify mark deleted [
215 silly reify   '/Users/mohamedamrin/Desktop/exhibitfabricmy/node_modules/lightningcss-linux-arm64-musl'
215 silly reify ]
216 verbose reify failed optional dependency /Users/mohamedamrin/Desktop/exhibitfabricmy/node_modules/lightningcss-linux-arm64-gnu
217 silly reify mark deleted [
217 silly reify   '/Users/mohamedamrin/Desktop/exhibitfabricmy/node_modules/lightningcss-linux-arm64-gnu'
217 silly reify ]
218 verbose reify failed optional dependency /Users/mohamedamrin/Desktop/exhibitfabricmy/node_modules/lightningcss-linux-arm-gnueabihf
219 silly reify mark deleted [
219 silly reify   '/Users/mohamedamrin/Desktop/exhibitfabricmy/node_modules/lightningcss-linux-arm-gnueabihf'
219 silly reify ]
220 verbose reify failed optional dependency /Users/mohamedamrin/Desktop/exhibitfabricmy/node_modules/lightningcss-freebsd-x64
221 silly reify mark deleted [
221 silly reify   '/Users/mohamedamrin/Desktop/exhibitfabricmy/node_modules/lightningcss-freebsd-x64'
221 silly reify ]
222 verbose reify failed optional dependency /Users/mohamedamrin/Desktop/exhibitfabricmy/node_modules/lightningcss-darwin-x64
223 silly reify mark deleted [
223 silly reify   '/Users/mohamedamrin/Desktop/exhibitfabricmy/node_modules/lightningcss-darwin-x64'
223 silly reify ]
224 verbose reify failed optional dependency /Users/mohamedamrin/Desktop/exhibitfabricmy/node_modules/@unrs/resolver-binding-win32-x64-msvc
225 silly reify mark deleted [
225 silly reify   '/Users/mohamedamrin/Desktop/exhibitfabricmy/node_modules/@unrs/resolver-binding-win32-x64-msvc'
225 silly reify ]
226 verbose reify failed optional dependency /Users/mohamedamrin/Desktop/exhibitfabricmy/node_modules/@unrs/resolver-binding-win32-ia32-msvc
227 silly reify mark deleted [
227 silly reify   '/Users/mohamedamrin/Desktop/exhibitfabricmy/node_modules/@unrs/resolver-binding-win32-ia32-msvc'
227 silly reify ]
228 verbose reify failed optional dependency /Users/mohamedamrin/Desktop/exhibitfabricmy/node_modules/@unrs/resolver-binding-win32-arm64-msvc
229 silly reify mark deleted [
229 silly reify   '/Users/mohamedamrin/Desktop/exhibitfabricmy/node_modules/@unrs/resolver-binding-win32-arm64-msvc'
229 silly reify ]
230 verbose reify failed optional dependency /Users/mohamedamrin/Desktop/exhibitfabricmy/node_modules/@unrs/resolver-binding-wasm32-wasi
231 silly reify mark deleted [
231 silly reify   '/Users/mohamedamrin/Desktop/exhibitfabricmy/node_modules/@unrs/resolver-binding-wasm32-wasi'
231 silly reify ]
232 verbose reify failed optional dependency /Users/mohamedamrin/Desktop/exhibitfabricmy/node_modules/@unrs/resolver-binding-linux-x64-musl
233 silly reify mark deleted [
233 silly reify   '/Users/mohamedamrin/Desktop/exhibitfabricmy/node_modules/@unrs/resolver-binding-linux-x64-musl'
233 silly reify ]
234 verbose reify failed optional dependency /Users/mohamedamrin/Desktop/exhibitfabricmy/node_modules/@unrs/resolver-binding-linux-x64-gnu
235 silly reify mark deleted [
235 silly reify   '/Users/mohamedamrin/Desktop/exhibitfabricmy/node_modules/@unrs/resolver-binding-linux-x64-gnu'
235 silly reify ]
236 verbose reify failed optional dependency /Users/mohamedamrin/Desktop/exhibitfabricmy/node_modules/@unrs/resolver-binding-linux-s390x-gnu
237 silly reify mark deleted [
237 silly reify   '/Users/mohamedamrin/Desktop/exhibitfabricmy/node_modules/@unrs/resolver-binding-linux-s390x-gnu'
237 silly reify ]
238 verbose reify failed optional dependency /Users/mohamedamrin/Desktop/exhibitfabricmy/node_modules/@unrs/resolver-binding-linux-riscv64-musl
239 silly reify mark deleted [
239 silly reify   '/Users/mohamedamrin/Desktop/exhibitfabricmy/node_modules/@unrs/resolver-binding-linux-riscv64-musl'
239 silly reify ]
240 verbose reify failed optional dependency /Users/mohamedamrin/Desktop/exhibitfabricmy/node_modules/@unrs/resolver-binding-linux-riscv64-gnu
241 silly reify mark deleted [
241 silly reify   '/Users/mohamedamrin/Desktop/exhibitfabricmy/node_modules/@unrs/resolver-binding-linux-riscv64-gnu'
241 silly reify ]
242 verbose reify failed optional dependency /Users/mohamedamrin/Desktop/exhibitfabricmy/node_modules/@unrs/resolver-binding-linux-ppc64-gnu
243 silly reify mark deleted [
243 silly reify   '/Users/mohamedamrin/Desktop/exhibitfabricmy/node_modules/@unrs/resolver-binding-linux-ppc64-gnu'
243 silly reify ]
244 verbose reify failed optional dependency /Users/mohamedamrin/Desktop/exhibitfabricmy/node_modules/@unrs/resolver-binding-linux-arm64-musl
245 silly reify mark deleted [
245 silly reify   '/Users/mohamedamrin/Desktop/exhibitfabricmy/node_modules/@unrs/resolver-binding-linux-arm64-musl'
245 silly reify ]
246 verbose reify failed optional dependency /Users/mohamedamrin/Desktop/exhibitfabricmy/node_modules/@unrs/resolver-binding-linux-arm64-gnu
247 silly reify mark deleted [
247 silly reify   '/Users/mohamedamrin/Desktop/exhibitfabricmy/node_modules/@unrs/resolver-binding-linux-arm64-gnu'
247 silly reify ]
248 verbose reify failed optional dependency /Users/mohamedamrin/Desktop/exhibitfabricmy/node_modules/@unrs/resolver-binding-linux-arm-musleabihf
249 silly reify mark deleted [
249 silly reify   '/Users/mohamedamrin/Desktop/exhibitfabricmy/node_modules/@unrs/resolver-binding-linux-arm-musleabihf'
249 silly reify ]
250 verbose reify failed optional dependency /Users/mohamedamrin/Desktop/exhibitfabricmy/node_modules/@unrs/resolver-binding-linux-arm-gnueabihf
251 silly reify mark deleted [
251 silly reify   '/Users/mohamedamrin/Desktop/exhibitfabricmy/node_modules/@unrs/resolver-binding-linux-arm-gnueabihf'
251 silly reify ]
252 verbose reify failed optional dependency /Users/mohamedamrin/Desktop/exhibitfabricmy/node_modules/@unrs/resolver-binding-freebsd-x64
253 silly reify mark deleted [
253 silly reify   '/Users/mohamedamrin/Desktop/exhibitfabricmy/node_modules/@unrs/resolver-binding-freebsd-x64'
253 silly reify ]
254 verbose reify failed optional dependency /Users/mohamedamrin/Desktop/exhibitfabricmy/node_modules/@unrs/resolver-binding-darwin-x64
255 silly reify mark deleted [
255 silly reify   '/Users/mohamedamrin/Desktop/exhibitfabricmy/node_modules/@unrs/resolver-binding-darwin-x64'
255 silly reify ]
256 verbose reify failed optional dependency /Users/mohamedamrin/Desktop/exhibitfabricmy/node_modules/@unrs/resolver-binding-android-arm64
257 silly reify mark deleted [
257 silly reify   '/Users/mohamedamrin/Desktop/exhibitfabricmy/node_modules/@unrs/resolver-binding-android-arm64'
257 silly reify ]
258 verbose reify failed optional dependency /Users/mohamedamrin/Desktop/exhibitfabricmy/node_modules/@unrs/resolver-binding-android-arm-eabi
259 silly reify mark deleted [
259 silly reify   '/Users/mohamedamrin/Desktop/exhibitfabricmy/node_modules/@unrs/resolver-binding-android-arm-eabi'
259 silly reify ]
260 verbose reify failed optional dependency /Users/mohamedamrin/Desktop/exhibitfabricmy/node_modules/@tailwindcss/oxide-win32-x64-msvc
261 silly reify mark deleted [
261 silly reify   '/Users/mohamedamrin/Desktop/exhibitfabricmy/node_modules/@tailwindcss/oxide-win32-x64-msvc'
261 silly reify ]
262 verbose reify failed optional dependency /Users/mohamedamrin/Desktop/exhibitfabricmy/node_modules/@tailwindcss/oxide-win32-arm64-msvc
263 silly reify mark deleted [
263 silly reify   '/Users/mohamedamrin/Desktop/exhibitfabricmy/node_modules/@tailwindcss/oxide-win32-arm64-msvc'
263 silly reify ]
264 verbose reify failed optional dependency /Users/mohamedamrin/Desktop/exhibitfabricmy/node_modules/@tailwindcss/oxide-linux-x64-musl
265 silly reify mark deleted [
265 silly reify   '/Users/mohamedamrin/Desktop/exhibitfabricmy/node_modules/@tailwindcss/oxide-linux-x64-musl'
265 silly reify ]
266 verbose reify failed optional dependency /Users/mohamedamrin/Desktop/exhibitfabricmy/node_modules/@tailwindcss/oxide-linux-x64-gnu
267 silly reify mark deleted [
267 silly reify   '/Users/mohamedamrin/Desktop/exhibitfabricmy/node_modules/@tailwindcss/oxide-linux-x64-gnu'
267 silly reify ]
268 verbose reify failed optional dependency /Users/mohamedamrin/Desktop/exhibitfabricmy/node_modules/@tailwindcss/oxide-linux-arm64-musl
269 silly reify mark deleted [
269 silly reify   '/Users/mohamedamrin/Desktop/exhibitfabricmy/node_modules/@tailwindcss/oxide-linux-arm64-musl'
269 silly reify ]
270 verbose reify failed optional dependency /Users/mohamedamrin/Desktop/exhibitfabricmy/node_modules/@tailwindcss/oxide-linux-arm64-gnu
271 silly reify mark deleted [
271 silly reify   '/Users/mohamedamrin/Desktop/exhibitfabricmy/node_modules/@tailwindcss/oxide-linux-arm64-gnu'
271 silly reify ]
272 verbose reify failed optional dependency /Users/mohamedamrin/Desktop/exhibitfabricmy/node_modules/@tailwindcss/oxide-linux-arm-gnueabihf
273 silly reify mark deleted [
273 silly reify   '/Users/mohamedamrin/Desktop/exhibitfabricmy/node_modules/@tailwindcss/oxide-linux-arm-gnueabihf'
273 silly reify ]
274 verbose reify failed optional dependency /Users/mohamedamrin/Desktop/exhibitfabricmy/node_modules/@tailwindcss/oxide-freebsd-x64
275 silly reify mark deleted [
275 silly reify   '/Users/mohamedamrin/Desktop/exhibitfabricmy/node_modules/@tailwindcss/oxide-freebsd-x64'
275 silly reify ]
276 verbose reify failed optional dependency /Users/mohamedamrin/Desktop/exhibitfabricmy/node_modules/@tailwindcss/oxide-darwin-x64
277 silly reify mark deleted [
277 silly reify   '/Users/mohamedamrin/Desktop/exhibitfabricmy/node_modules/@tailwindcss/oxide-darwin-x64'
277 silly reify ]
278 verbose reify failed optional dependency /Users/mohamedamrin/Desktop/exhibitfabricmy/node_modules/@tailwindcss/oxide-android-arm64
279 silly reify mark deleted [
279 silly reify   '/Users/mohamedamrin/Desktop/exhibitfabricmy/node_modules/@tailwindcss/oxide-android-arm64'
279 silly reify ]
280 verbose reify failed optional dependency /Users/mohamedamrin/Desktop/exhibitfabricmy/node_modules/@next/swc-win32-x64-msvc
281 silly reify mark deleted [
281 silly reify   '/Users/mohamedamrin/Desktop/exhibitfabricmy/node_modules/@next/swc-win32-x64-msvc'
281 silly reify ]
282 verbose reify failed optional dependency /Users/mohamedamrin/Desktop/exhibitfabricmy/node_modules/@next/swc-win32-arm64-msvc
283 silly reify mark deleted [
283 silly reify   '/Users/mohamedamrin/Desktop/exhibitfabricmy/node_modules/@next/swc-win32-arm64-msvc'
283 silly reify ]
284 verbose reify failed optional dependency /Users/mohamedamrin/Desktop/exhibitfabricmy/node_modules/@next/swc-linux-x64-musl
285 silly reify mark deleted [
285 silly reify   '/Users/mohamedamrin/Desktop/exhibitfabricmy/node_modules/@next/swc-linux-x64-musl'
285 silly reify ]
286 verbose reify failed optional dependency /Users/mohamedamrin/Desktop/exhibitfabricmy/node_modules/@next/swc-linux-x64-gnu
287 silly reify mark deleted [
287 silly reify   '/Users/mohamedamrin/Desktop/exhibitfabricmy/node_modules/@next/swc-linux-x64-gnu'
287 silly reify ]
288 verbose reify failed optional dependency /Users/mohamedamrin/Desktop/exhibitfabricmy/node_modules/@next/swc-linux-arm64-musl
289 silly reify mark deleted [
289 silly reify   '/Users/mohamedamrin/Desktop/exhibitfabricmy/node_modules/@next/swc-linux-arm64-musl'
289 silly reify ]
290 verbose reify failed optional dependency /Users/mohamedamrin/Desktop/exhibitfabricmy/node_modules/@next/swc-linux-arm64-gnu
291 silly reify mark deleted [
291 silly reify   '/Users/mohamedamrin/Desktop/exhibitfabricmy/node_modules/@next/swc-linux-arm64-gnu'
291 silly reify ]
292 verbose reify failed optional dependency /Users/mohamedamrin/Desktop/exhibitfabricmy/node_modules/@next/swc-darwin-x64
293 silly reify mark deleted [
293 silly reify   '/Users/mohamedamrin/Desktop/exhibitfabricmy/node_modules/@next/swc-darwin-x64'
293 silly reify ]
294 verbose reify failed optional dependency /Users/mohamedamrin/Desktop/exhibitfabricmy/node_modules/@img/sharp-win32-x64
295 silly reify mark deleted [
295 silly reify   '/Users/mohamedamrin/Desktop/exhibitfabricmy/node_modules/@img/sharp-win32-x64'
295 silly reify ]
296 verbose reify failed optional dependency /Users/mohamedamrin/Desktop/exhibitfabricmy/node_modules/@img/sharp-win32-ia32
297 silly reify mark deleted [
297 silly reify   '/Users/mohamedamrin/Desktop/exhibitfabricmy/node_modules/@img/sharp-win32-ia32'
297 silly reify ]
298 verbose reify failed optional dependency /Users/mohamedamrin/Desktop/exhibitfabricmy/node_modules/@img/sharp-win32-arm64
299 silly reify mark deleted [
299 silly reify   '/Users/mohamedamrin/Desktop/exhibitfabricmy/node_modules/@img/sharp-win32-arm64'
299 silly reify ]
300 verbose reify failed optional dependency /Users/mohamedamrin/Desktop/exhibitfabricmy/node_modules/@img/sharp-wasm32
301 silly reify mark deleted [
301 silly reify   '/Users/mohamedamrin/Desktop/exhibitfabricmy/node_modules/@img/sharp-wasm32'
301 silly reify ]
302 verbose reify failed optional dependency /Users/mohamedamrin/Desktop/exhibitfabricmy/node_modules/@img/sharp-linuxmusl-x64
303 silly reify mark deleted [
303 silly reify   '/Users/mohamedamrin/Desktop/exhibitfabricmy/node_modules/@img/sharp-linuxmusl-x64'
303 silly reify ]
304 verbose reify failed optional dependency /Users/mohamedamrin/Desktop/exhibitfabricmy/node_modules/@img/sharp-linuxmusl-arm64
305 silly reify mark deleted [
305 silly reify   '/Users/mohamedamrin/Desktop/exhibitfabricmy/node_modules/@img/sharp-linuxmusl-arm64'
305 silly reify ]
306 verbose reify failed optional dependency /Users/mohamedamrin/Desktop/exhibitfabricmy/node_modules/@img/sharp-linux-x64
307 silly reify mark deleted [
307 silly reify   '/Users/mohamedamrin/Desktop/exhibitfabricmy/node_modules/@img/sharp-linux-x64'
307 silly reify ]
308 verbose reify failed optional dependency /Users/mohamedamrin/Desktop/exhibitfabricmy/node_modules/@img/sharp-linux-s390x
309 silly reify mark deleted [
309 silly reify   '/Users/mohamedamrin/Desktop/exhibitfabricmy/node_modules/@img/sharp-linux-s390x'
309 silly reify ]
310 verbose reify failed optional dependency /Users/mohamedamrin/Desktop/exhibitfabricmy/node_modules/@img/sharp-linux-ppc64
311 silly reify mark deleted [
311 silly reify   '/Users/mohamedamrin/Desktop/exhibitfabricmy/node_modules/@img/sharp-linux-ppc64'
311 silly reify ]
312 verbose reify failed optional dependency /Users/mohamedamrin/Desktop/exhibitfabricmy/node_modules/@img/sharp-linux-arm64
313 silly reify mark deleted [
313 silly reify   '/Users/mohamedamrin/Desktop/exhibitfabricmy/node_modules/@img/sharp-linux-arm64'
313 silly reify ]
314 verbose reify failed optional dependency /Users/mohamedamrin/Desktop/exhibitfabricmy/node_modules/@img/sharp-linux-arm
315 silly reify mark deleted [
315 silly reify   '/Users/mohamedamrin/Desktop/exhibitfabricmy/node_modules/@img/sharp-linux-arm'
315 silly reify ]
316 verbose reify failed optional dependency /Users/mohamedamrin/Desktop/exhibitfabricmy/node_modules/@img/sharp-libvips-linuxmusl-x64
317 silly reify mark deleted [
317 silly reify   '/Users/mohamedamrin/Desktop/exhibitfabricmy/node_modules/@img/sharp-libvips-linuxmusl-x64'
317 silly reify ]
318 verbose reify failed optional dependency /Users/mohamedamrin/Desktop/exhibitfabricmy/node_modules/@img/sharp-libvips-linuxmusl-arm64
319 silly reify mark deleted [
319 silly reify   '/Users/mohamedamrin/Desktop/exhibitfabricmy/node_modules/@img/sharp-libvips-linuxmusl-arm64'
319 silly reify ]
320 verbose reify failed optional dependency /Users/mohamedamrin/Desktop/exhibitfabricmy/node_modules/@img/sharp-libvips-linux-x64
321 silly reify mark deleted [
321 silly reify   '/Users/mohamedamrin/Desktop/exhibitfabricmy/node_modules/@img/sharp-libvips-linux-x64'
321 silly reify ]
322 verbose reify failed optional dependency /Users/mohamedamrin/Desktop/exhibitfabricmy/node_modules/@img/sharp-libvips-linux-s390x
323 silly reify mark deleted [
323 silly reify   '/Users/mohamedamrin/Desktop/exhibitfabricmy/node_modules/@img/sharp-libvips-linux-s390x'
323 silly reify ]
324 verbose reify failed optional dependency /Users/mohamedamrin/Desktop/exhibitfabricmy/node_modules/@img/sharp-libvips-linux-ppc64
325 silly reify mark deleted [
325 silly reify   '/Users/mohamedamrin/Desktop/exhibitfabricmy/node_modules/@img/sharp-libvips-linux-ppc64'
325 silly reify ]
326 verbose reify failed optional dependency /Users/mohamedamrin/Desktop/exhibitfabricmy/node_modules/@img/sharp-libvips-linux-arm64
327 silly reify mark deleted [
327 silly reify   '/Users/mohamedamrin/Desktop/exhibitfabricmy/node_modules/@img/sharp-libvips-linux-arm64'
327 silly reify ]
328 verbose reify failed optional dependency /Users/mohamedamrin/Desktop/exhibitfabricmy/node_modules/@img/sharp-libvips-linux-arm
329 silly reify mark deleted [
329 silly reify   '/Users/mohamedamrin/Desktop/exhibitfabricmy/node_modules/@img/sharp-libvips-linux-arm'
329 silly reify ]
330 verbose reify failed optional dependency /Users/mohamedamrin/Desktop/exhibitfabricmy/node_modules/@img/sharp-libvips-darwin-x64
331 silly reify mark deleted [
331 silly reify   '/Users/mohamedamrin/Desktop/exhibitfabricmy/node_modules/@img/sharp-libvips-darwin-x64'
331 silly reify ]
332 verbose reify failed optional dependency /Users/mohamedamrin/Desktop/exhibitfabricmy/node_modules/@img/sharp-darwin-x64
333 silly reify mark deleted [
333 silly reify   '/Users/mohamedamrin/Desktop/exhibitfabricmy/node_modules/@img/sharp-darwin-x64'
333 silly reify ]
334 http cache get-nonce@https://registry.npmjs.org/get-nonce/-/get-nonce-1.0.1.tgz 0ms (cache hit)
335 http cache detect-node-es@https://registry.npmjs.org/detect-node-es/-/detect-node-es-1.1.0.tgz 0ms (cache hit)
336 http cache react-remove-scroll-bar@https://registry.npmjs.org/react-remove-scroll-bar/-/react-remove-scroll-bar-2.3.8.tgz 0ms (cache hit)
337 http cache @radix-ui/react-use-effect-event@https://registry.npmjs.org/@radix-ui/react-use-effect-event/-/react-use-effect-event-0.0.2.tgz 0ms (cache hit)
338 http cache @radix-ui/react-use-layout-effect@https://registry.npmjs.org/@radix-ui/react-use-layout-effect/-/react-use-layout-effect-1.1.1.tgz 0ms (cache hit)
339 http cache use-sidecar@https://registry.npmjs.org/use-sidecar/-/use-sidecar-1.1.3.tgz 0ms (cache hit)
340 http cache use-callback-ref@https://registry.npmjs.org/use-callback-ref/-/use-callback-ref-1.3.3.tgz 0ms (cache hit)
341 http cache @radix-ui/react-use-escape-keydown@https://registry.npmjs.org/@radix-ui/react-use-escape-keydown/-/react-use-escape-keydown-1.1.1.tgz 0ms (cache hit)
342 http cache react-remove-scroll@https://registry.npmjs.org/react-remove-scroll/-/react-remove-scroll-2.7.1.tgz 0ms (cache hit)
343 http cache aria-hidden@https://registry.npmjs.org/aria-hidden/-/aria-hidden-1.2.6.tgz 0ms (cache hit)
344 http cache @radix-ui/react-use-controllable-state@https://registry.npmjs.org/@radix-ui/react-use-controllable-state/-/react-use-controllable-state-1.2.2.tgz 0ms (cache hit)
345 http cache @radix-ui/react-primitive@https://registry.npmjs.org/@radix-ui/react-primitive/-/react-primitive-2.1.3.tgz 0ms (cache hit)
346 http cache @radix-ui/react-presence@https://registry.npmjs.org/@radix-ui/react-presence/-/react-presence-1.1.5.tgz 0ms (cache hit)
347 http cache @radix-ui/react-portal@https://registry.npmjs.org/@radix-ui/react-portal/-/react-portal-1.1.9.tgz 0ms (cache hit)
348 http cache @radix-ui/react-use-callback-ref@https://registry.npmjs.org/@radix-ui/react-use-callback-ref/-/react-use-callback-ref-1.1.1.tgz 0ms (cache hit)
349 http cache @radix-ui/react-id@https://registry.npmjs.org/@radix-ui/react-id/-/react-id-1.1.1.tgz 0ms (cache hit)
350 http cache @radix-ui/react-focus-scope@https://registry.npmjs.org/@radix-ui/react-focus-scope/-/react-focus-scope-1.1.7.tgz 0ms (cache hit)
351 http cache @radix-ui/react-focus-guards@https://registry.npmjs.org/@radix-ui/react-focus-guards/-/react-focus-guards-1.1.3.tgz 0ms (cache hit)
352 http cache @radix-ui/react-compose-refs@https://registry.npmjs.org/@radix-ui/react-compose-refs/-/react-compose-refs-1.1.2.tgz 0ms (cache hit)
353 http cache @radix-ui/react-dismissable-layer@https://registry.npmjs.org/@radix-ui/react-dismissable-layer/-/react-dismissable-layer-1.1.11.tgz 0ms (cache hit)
354 http cache @radix-ui/react-slot@https://registry.npmjs.org/@radix-ui/react-slot/-/react-slot-1.2.3.tgz 0ms (cache hit)
355 http cache @radix-ui/primitive@https://registry.npmjs.org/@radix-ui/primitive/-/primitive-1.1.3.tgz 0ms (cache hit)
356 http cache @radix-ui/react-context@https://registry.npmjs.org/@radix-ui/react-context/-/react-context-1.1.2.tgz 0ms (cache hit)
357 http cache react-style-singleton@https://registry.npmjs.org/react-style-singleton/-/react-style-singleton-2.2.3.tgz 0ms (cache hit)
358 http cache @radix-ui/react-dialog@https://registry.npmjs.org/@radix-ui/react-dialog/-/react-dialog-1.1.15.tgz 0ms (cache hit)
359 http cache @radix-ui/react-label@https://registry.npmjs.org/@radix-ui/react-label/-/react-label-2.1.7.tgz 0ms (cache hit)
360 silly tarball no local data for detect-node-es@https://registry.npmjs.org/detect-node-es/-/detect-node-es-1.1.0.tgz. Extracting by manifest.
361 silly tarball no local data for get-nonce@https://registry.npmjs.org/get-nonce/-/get-nonce-1.0.1.tgz. Extracting by manifest.
362 silly tarball no local data for react-remove-scroll-bar@https://registry.npmjs.org/react-remove-scroll-bar/-/react-remove-scroll-bar-2.3.8.tgz. Extracting by manifest.
363 silly tarball no local data for use-sidecar@https://registry.npmjs.org/use-sidecar/-/use-sidecar-1.1.3.tgz. Extracting by manifest.
364 silly tarball no local data for @radix-ui/react-use-layout-effect@https://registry.npmjs.org/@radix-ui/react-use-layout-effect/-/react-use-layout-effect-1.1.1.tgz. Extracting by manifest.
365 silly tarball no local data for @radix-ui/react-use-effect-event@https://registry.npmjs.org/@radix-ui/react-use-effect-event/-/react-use-effect-event-0.0.2.tgz. Extracting by manifest.
366 silly tarball no local data for @radix-ui/react-use-escape-keydown@https://registry.npmjs.org/@radix-ui/react-use-escape-keydown/-/react-use-escape-keydown-1.1.1.tgz. Extracting by manifest.
367 silly tarball no local data for use-callback-ref@https://registry.npmjs.org/use-callback-ref/-/use-callback-ref-1.3.3.tgz. Extracting by manifest.
368 silly tarball no local data for react-remove-scroll@https://registry.npmjs.org/react-remove-scroll/-/react-remove-scroll-2.7.1.tgz. Extracting by manifest.
369 silly tarball no local data for aria-hidden@https://registry.npmjs.org/aria-hidden/-/aria-hidden-1.2.6.tgz. Extracting by manifest.
370 silly tarball no local data for @radix-ui/react-use-controllable-state@https://registry.npmjs.org/@radix-ui/react-use-controllable-state/-/react-use-controllable-state-1.2.2.tgz. Extracting by manifest.
371 silly tarball no local data for @radix-ui/react-portal@https://registry.npmjs.org/@radix-ui/react-portal/-/react-portal-1.1.9.tgz. Extracting by manifest.
372 silly tarball no local data for @radix-ui/react-use-callback-ref@https://registry.npmjs.org/@radix-ui/react-use-callback-ref/-/react-use-callback-ref-1.1.1.tgz. Extracting by manifest.
373 silly tarball no local data for @radix-ui/react-presence@https://registry.npmjs.org/@radix-ui/react-presence/-/react-presence-1.1.5.tgz. Extracting by manifest.
374 silly tarball no local data for @radix-ui/react-primitive@https://registry.npmjs.org/@radix-ui/react-primitive/-/react-primitive-2.1.3.tgz. Extracting by manifest.
375 silly tarball no local data for @radix-ui/react-compose-refs@https://registry.npmjs.org/@radix-ui/react-compose-refs/-/react-compose-refs-1.1.2.tgz. Extracting by manifest.
376 silly tarball no local data for @radix-ui/react-id@https://registry.npmjs.org/@radix-ui/react-id/-/react-id-1.1.1.tgz. Extracting by manifest.
377 silly tarball no local data for @radix-ui/react-focus-scope@https://registry.npmjs.org/@radix-ui/react-focus-scope/-/react-focus-scope-1.1.7.tgz. Extracting by manifest.
378 silly tarball no local data for @radix-ui/react-slot@https://registry.npmjs.org/@radix-ui/react-slot/-/react-slot-1.2.3.tgz. Extracting by manifest.
379 silly tarball no local data for @radix-ui/react-focus-guards@https://registry.npmjs.org/@radix-ui/react-focus-guards/-/react-focus-guards-1.1.3.tgz. Extracting by manifest.
380 silly tarball no local data for @radix-ui/react-context@https://registry.npmjs.org/@radix-ui/react-context/-/react-context-1.1.2.tgz. Extracting by manifest.
381 silly tarball no local data for @radix-ui/react-dismissable-layer@https://registry.npmjs.org/@radix-ui/react-dismissable-layer/-/react-dismissable-layer-1.1.11.tgz. Extracting by manifest.
382 silly tarball no local data for @radix-ui/primitive@https://registry.npmjs.org/@radix-ui/primitive/-/primitive-1.1.3.tgz. Extracting by manifest.
383 silly tarball no local data for @radix-ui/react-label@https://registry.npmjs.org/@radix-ui/react-label/-/react-label-2.1.7.tgz. Extracting by manifest.
384 silly tarball no local data for react-style-singleton@https://registry.npmjs.org/react-style-singleton/-/react-style-singleton-2.2.3.tgz. Extracting by manifest.
385 silly tarball no local data for @radix-ui/react-dialog@https://registry.npmjs.org/@radix-ui/react-dialog/-/react-dialog-1.1.15.tgz. Extracting by manifest.
386 http fetch GET 200 https://registry.npmjs.org/get-nonce/-/get-nonce-1.0.1.tgz 94ms (cache miss)
387 http fetch GET 200 https://registry.npmjs.org/detect-node-es/-/detect-node-es-1.1.0.tgz 95ms (cache miss)
388 http fetch GET 200 https://registry.npmjs.org/react-remove-scroll-bar/-/react-remove-scroll-bar-2.3.8.tgz 100ms (cache miss)
389 http fetch GET 200 https://registry.npmjs.org/use-sidecar/-/use-sidecar-1.1.3.tgz 101ms (cache miss)
390 http fetch GET 200 https://registry.npmjs.org/use-callback-ref/-/use-callback-ref-1.3.3.tgz 102ms (cache miss)
391 http fetch GET 200 https://registry.npmjs.org/@radix-ui/react-use-layout-effect/-/react-use-layout-effect-1.1.1.tgz 115ms (cache miss)
392 http fetch GET 200 https://registry.npmjs.org/@radix-ui/react-use-effect-event/-/react-use-effect-event-0.0.2.tgz 116ms (cache miss)
393 http fetch GET 200 https://registry.npmjs.org/@radix-ui/react-use-escape-keydown/-/react-use-escape-keydown-1.1.1.tgz 120ms (cache miss)
394 http fetch GET 200 https://registry.npmjs.org/@radix-ui/react-id/-/react-id-1.1.1.tgz 175ms (cache miss)
395 http fetch GET 200 https://registry.npmjs.org/@radix-ui/react-compose-refs/-/react-compose-refs-1.1.2.tgz 179ms (cache miss)
396 http fetch GET 200 https://registry.npmjs.org/@radix-ui/react-presence/-/react-presence-1.1.5.tgz 183ms (cache miss)
397 http fetch GET 200 https://registry.npmjs.org/@radix-ui/react-focus-scope/-/react-focus-scope-1.1.7.tgz 188ms (cache miss)
398 http fetch GET 200 https://registry.npmjs.org/@radix-ui/react-focus-guards/-/react-focus-guards-1.1.3.tgz 201ms (cache miss)
399 http fetch GET 200 https://registry.npmjs.org/@radix-ui/react-slot/-/react-slot-1.2.3.tgz 210ms (cache miss)
400 http fetch GET 200 https://registry.npmjs.org/@radix-ui/react-context/-/react-context-1.1.2.tgz 210ms (cache miss)
401 http fetch GET 200 https://registry.npmjs.org/@radix-ui/primitive/-/primitive-1.1.3.tgz 220ms (cache miss)
402 http fetch GET 200 https://registry.npmjs.org/@radix-ui/react-use-callback-ref/-/react-use-callback-ref-1.1.1.tgz 321ms (cache miss)
403 http fetch GET 200 https://registry.npmjs.org/@radix-ui/react-label/-/react-label-2.1.7.tgz 320ms (cache miss)
404 http fetch GET 200 https://registry.npmjs.org/@radix-ui/react-dismissable-layer/-/react-dismissable-layer-1.1.11.tgz 321ms (cache miss)
405 http fetch GET 200 https://registry.npmjs.org/@radix-ui/react-use-controllable-state/-/react-use-controllable-state-1.2.2.tgz 322ms (cache miss)
406 http fetch GET 200 https://registry.npmjs.org/@radix-ui/react-portal/-/react-portal-1.1.9.tgz 322ms (cache miss)
407 http fetch GET 200 https://registry.npmjs.org/@radix-ui/react-dialog/-/react-dialog-1.1.15.tgz 322ms (cache miss)
408 http fetch GET 200 https://registry.npmjs.org/@radix-ui/react-primitive/-/react-primitive-2.1.3.tgz 323ms (cache miss)
409 http fetch GET 200 https://registry.npmjs.org/aria-hidden/-/aria-hidden-1.2.6.tgz 324ms (cache miss)
410 http fetch GET 200 https://registry.npmjs.org/react-style-singleton/-/react-style-singleton-2.2.3.tgz 326ms (cache miss)
411 http fetch GET 200 https://registry.npmjs.org/react-remove-scroll/-/react-remove-scroll-2.7.1.tgz 330ms (cache miss)
412 http fetch POST 200 https://registry.npmjs.org/-/npm/v1/security/advisories/bulk 386ms
413 silly audit report {}
414 silly ADD node_modules/detect-node-es
415 silly ADD node_modules/get-nonce
416 silly ADD node_modules/use-sidecar
417 silly ADD node_modules/use-callback-ref
418 silly ADD node_modules/react-style-singleton
419 silly ADD node_modules/react-remove-scroll-bar
420 silly ADD node_modules/@radix-ui/react-use-effect-event
421 silly ADD node_modules/@radix-ui/react-use-layout-effect
422 silly ADD node_modules/@radix-ui/react-use-escape-keydown
423 silly ADD node_modules/@radix-ui/react-use-callback-ref
424 silly ADD node_modules/react-remove-scroll
425 silly ADD node_modules/aria-hidden
426 silly ADD node_modules/@radix-ui/react-use-controllable-state
427 silly ADD node_modules/@radix-ui/react-primitive
428 silly ADD node_modules/@radix-ui/react-presence
429 silly ADD node_modules/@radix-ui/react-portal
430 silly ADD node_modules/@radix-ui/react-id
431 silly ADD node_modules/@radix-ui/react-focus-scope
432 silly ADD node_modules/@radix-ui/react-focus-guards
433 silly ADD node_modules/@radix-ui/react-dismissable-layer
434 silly ADD node_modules/@radix-ui/react-context
435 silly ADD node_modules/@radix-ui/react-compose-refs
436 silly ADD node_modules/@radix-ui/primitive
437 silly ADD node_modules/@radix-ui/react-slot
438 silly ADD node_modules/@radix-ui/react-label
439 silly ADD node_modules/@radix-ui/react-dialog
440 silly ADD
441 silly ADD
442 silly ADD
443 silly ADD
444 silly ADD
445 silly ADD
446 silly ADD
447 silly ADD
448 silly ADD
449 silly ADD
450 silly ADD
451 silly ADD
452 silly ADD
453 silly ADD
454 silly ADD
455 silly ADD
456 silly ADD
457 silly ADD
458 silly ADD
459 silly ADD
460 silly ADD
461 silly ADD
462 silly ADD
463 silly ADD
464 silly ADD
465 silly ADD
466 silly ADD
467 silly ADD
468 silly ADD
469 silly ADD
470 silly ADD
471 silly ADD
472 silly ADD
473 silly ADD
474 silly ADD
475 silly ADD
476 silly ADD
477 silly ADD
478 silly ADD
479 silly ADD
480 silly ADD
481 silly ADD
482 silly ADD
483 silly ADD
484 silly ADD
485 silly ADD
486 silly ADD
487 silly ADD
488 silly ADD
489 silly ADD
490 silly ADD
491 silly ADD
492 silly ADD
493 silly ADD
494 silly ADD
495 silly ADD
496 silly ADD
497 silly ADD
498 silly ADD
499 silly ADD
500 silly ADD
501 silly ADD
502 silly ADD
503 silly ADD
504 silly ADD
505 verbose cwd /Users/mohamedamrin/Desktop/exhibitfabricmy
506 verbose os Darwin 25.0.0
507 verbose node v22.18.0
508 verbose npm  v10.9.3
509 verbose exit 0
510 info ok
