0 verbose cli /usr/local/bin/node /usr/local/bin/npm
1 info using npm@10.9.3
2 info using node@v22.18.0
3 silly config load:file:/usr/local/lib/node_modules/npm/npmrc
4 silly config load:file:/Users/mohamedamrin/Desktop/exhibitfabricmy/.npmrc
5 silly config load:file:/Users/mohamedamrin/.npmrc
6 silly config load:file:/usr/local/etc/npmrc
7 verbose title npm install tailwindcss-animate
8 verbose argv "install" "tailwindcss-animate" "--cache" ".npm-cache"
9 verbose logfile logs-max:10 dir:/Users/mohamedamrin/Desktop/exhibitfabricmy/.npm-cache/_logs/2025-10-19T18_16_42_947Z-
10 verbose logfile /Users/mohamedamrin/Desktop/exhibitfabricmy/.npm-cache/_logs/2025-10-19T18_16_42_947Z-debug-0.log
11 silly logfile done cleaning log files
12 silly packumentCache heap:4345298944 maxSize:1086324736 maxEntrySize:543162368
13 silly idealTree buildDeps
14 silly fetch manifest tailwindcss-animate@*
15 silly packumentCache full:https://registry.npmjs.org/tailwindcss-animate cache-miss
16 http fetch GET 200 https://registry.npmjs.org/tailwindcss-animate 907ms (cache miss)
17 silly packumentCache full:https://registry.npmjs.org/tailwindcss-animate set size:undefined disposed:false
18 silly fetch manifest tailwindcss@^3.4.17
19 silly packumentCache full:https://registry.npmjs.org/tailwindcss cache-miss
20 http fetch GET 200 https://registry.npmjs.org/tailwindcss 126ms (cache revalidated)
21 silly packumentCache full:https://registry.npmjs.org/tailwindcss set size:9722783 disposed:false
22 silly placeDep ROOT tailwindcss-animate@1.0.7 OK for: exhibit-fabric@0.1.0 want: *
23 silly reify moves {}
24 verbose reify failed optional dependency /Users/mohamedamrin/Desktop/exhibitfabricmy/node_modules/@tailwindcss/oxide-wasm32-wasi
25 silly reify mark deleted [
25 silly reify   '/Users/mohamedamrin/Desktop/exhibitfabricmy/node_modules/@tailwindcss/oxide-wasm32-wasi'
25 silly reify ]
26 silly audit bulk request {
26 silly audit   '@alloc/quick-lru': [ '5.2.0' ],
26 silly audit   '@emnapi/core': [ '1.5.0' ],
26 silly audit   '@emnapi/runtime': [ '1.5.0' ],
26 silly audit   '@emnapi/wasi-threads': [ '1.1.0' ],
26 silly audit   '@eslint-community/eslint-utils': [ '4.9.0' ],
26 silly audit   'eslint-visitor-keys': [ '3.4.3', '4.2.1' ],
26 silly audit   '@eslint-community/regexpp': [ '4.12.1' ],
26 silly audit   '@eslint/config-array': [ '0.21.1' ],
26 silly audit   '@eslint/config-helpers': [ '0.4.1' ],
26 silly audit   '@eslint/core': [ '0.16.0' ],
26 silly audit   '@eslint/eslintrc': [ '3.3.1' ],
26 silly audit   '@eslint/js': [ '9.38.0' ],
26 silly audit   '@eslint/object-schema': [ '2.1.7' ],
26 silly audit   '@eslint/plugin-kit': [ '0.4.0' ],
26 silly audit   '@hookform/resolvers': [ '3.10.0' ],
26 silly audit   '@humanfs/core': [ '0.19.1' ],
26 silly audit   '@humanfs/node': [ '0.16.7' ],
26 silly audit   '@humanwhocodes/module-importer': [ '1.0.1' ],
26 silly audit   '@humanwhocodes/retry': [ '0.4.3' ],
26 silly audit   '@img/colour': [ '1.0.0' ],
26 silly audit   '@img/sharp-darwin-arm64': [ '0.34.4' ],
26 silly audit   '@img/sharp-darwin-x64': [ '0.34.4' ],
26 silly audit   '@img/sharp-libvips-darwin-arm64': [ '1.2.3' ],
26 silly audit   '@img/sharp-libvips-darwin-x64': [ '1.2.3' ],
26 silly audit   '@img/sharp-libvips-linux-arm': [ '1.2.3' ],
26 silly audit   '@img/sharp-libvips-linux-arm64': [ '1.2.3' ],
26 silly audit   '@img/sharp-libvips-linux-ppc64': [ '1.2.3' ],
26 silly audit   '@img/sharp-libvips-linux-s390x': [ '1.2.3' ],
26 silly audit   '@img/sharp-libvips-linux-x64': [ '1.2.3' ],
26 silly audit   '@img/sharp-libvips-linuxmusl-arm64': [ '1.2.3' ],
26 silly audit   '@img/sharp-libvips-linuxmusl-x64': [ '1.2.3' ],
26 silly audit   '@img/sharp-linux-arm': [ '0.34.4' ],
26 silly audit   '@img/sharp-linux-arm64': [ '0.34.4' ],
26 silly audit   '@img/sharp-linux-ppc64': [ '0.34.4' ],
26 silly audit   '@img/sharp-linux-s390x': [ '0.34.4' ],
26 silly audit   '@img/sharp-linux-x64': [ '0.34.4' ],
26 silly audit   '@img/sharp-linuxmusl-arm64': [ '0.34.4' ],
26 silly audit   '@img/sharp-linuxmusl-x64': [ '0.34.4' ],
26 silly audit   '@img/sharp-wasm32': [ '0.34.4' ],
26 silly audit   '@img/sharp-win32-arm64': [ '0.34.4' ],
26 silly audit   '@img/sharp-win32-ia32': [ '0.34.4' ],
26 silly audit   '@img/sharp-win32-x64': [ '0.34.4' ],
26 silly audit   '@isaacs/cliui': [ '8.0.2' ],
26 silly audit   '@isaacs/fs-minipass': [ '4.0.1' ],
26 silly audit   '@jridgewell/gen-mapping': [ '0.3.13' ],
26 silly audit   '@jridgewell/remapping': [ '2.3.5' ],
26 silly audit   '@jridgewell/resolve-uri': [ '3.1.2' ],
26 silly audit   '@jridgewell/sourcemap-codec': [ '1.5.5' ],
26 silly audit   '@jridgewell/trace-mapping': [ '0.3.31' ],
26 silly audit   '@napi-rs/wasm-runtime': [ '0.2.12' ],
26 silly audit   '@next/env': [ '15.5.6' ],
26 silly audit   '@next/eslint-plugin-next': [ '15.5.6' ],
26 silly audit   '@next/swc-darwin-arm64': [ '15.5.6' ],
26 silly audit   '@next/swc-darwin-x64': [ '15.5.6' ],
26 silly audit   '@next/swc-linux-arm64-gnu': [ '15.5.6' ],
26 silly audit   '@next/swc-linux-arm64-musl': [ '15.5.6' ],
26 silly audit   '@next/swc-linux-x64-gnu': [ '15.5.6' ],
26 silly audit   '@next/swc-linux-x64-musl': [ '15.5.6' ],
26 silly audit   '@next/swc-win32-arm64-msvc': [ '15.5.6' ],
26 silly audit   '@next/swc-win32-x64-msvc': [ '15.5.6' ],
26 silly audit   '@nodelib/fs.scandir': [ '2.1.5' ],
26 silly audit   '@nodelib/fs.stat': [ '2.0.5' ],
26 silly audit   '@nodelib/fs.walk': [ '1.2.8' ],
26 silly audit   '@nolyfill/is-core-module': [ '1.0.39' ],
26 silly audit   '@pkgjs/parseargs': [ '0.11.0' ],
26 silly audit   '@react-email/render': [ '1.1.2' ],
26 silly audit   '@rtsao/scc': [ '1.1.0' ],
26 silly audit   '@rushstack/eslint-patch': [ '1.14.0' ],
26 silly audit   '@selderee/plugin-htmlparser2': [ '0.11.0' ],
26 silly audit   '@supabase/auth-js': [ '2.75.1' ],
26 silly audit   '@supabase/functions-js': [ '2.75.1' ],
26 silly audit   '@supabase/node-fetch': [ '2.6.15' ],
26 silly audit   '@supabase/postgrest-js': [ '2.75.1' ],
26 silly audit   '@supabase/realtime-js': [ '2.75.1' ],
26 silly audit   '@supabase/storage-js': [ '2.75.1' ],
26 silly audit   '@supabase/supabase-js': [ '2.75.1' ],
26 silly audit   '@swc/helpers': [ '0.5.15' ],
26 silly audit   '@tailwindcss/node': [ '4.1.14' ],
26 silly audit   tailwindcss: [ '4.1.14', '3.4.18' ],
26 silly audit   '@tailwindcss/oxide': [ '4.1.14' ],
26 silly audit   '@tailwindcss/oxide-android-arm64': [ '4.1.14' ],
26 silly audit   '@tailwindcss/oxide-darwin-arm64': [ '4.1.14' ],
26 silly audit   '@tailwindcss/oxide-darwin-x64': [ '4.1.14' ],
26 silly audit   '@tailwindcss/oxide-freebsd-x64': [ '4.1.14' ],
26 silly audit   '@tailwindcss/oxide-linux-arm-gnueabihf': [ '4.1.14' ],
26 silly audit   '@tailwindcss/oxide-linux-arm64-gnu': [ '4.1.14' ],
26 silly audit   '@tailwindcss/oxide-linux-arm64-musl': [ '4.1.14' ],
26 silly audit   '@tailwindcss/oxide-linux-x64-gnu': [ '4.1.14' ],
26 silly audit   '@tailwindcss/oxide-linux-x64-musl': [ '4.1.14' ],
26 silly audit   '@tailwindcss/oxide-win32-arm64-msvc': [ '4.1.14' ],
26 silly audit   '@tailwindcss/oxide-win32-x64-msvc': [ '4.1.14' ],
26 silly audit   '@tailwindcss/postcss': [ '4.1.14' ],
26 silly audit   '@tybys/wasm-util': [ '0.10.1' ],
26 silly audit   '@types/estree': [ '1.0.8' ],
26 silly audit   '@types/json-schema': [ '7.0.15' ],
26 silly audit   '@types/json5': [ '0.0.29' ],
26 silly audit   '@types/node': [ '22.18.11' ],
26 silly audit   '@types/phoenix': [ '1.6.6' ],
26 silly audit   '@types/react': [ '19.2.2' ],
26 silly audit   '@types/react-dom': [ '19.2.2' ],
26 silly audit   '@types/ws': [ '8.18.1' ],
26 silly audit   '@typescript-eslint/eslint-plugin': [ '8.46.1' ],
26 silly audit   ignore: [ '7.0.5', '5.3.2' ],
26 silly audit   '@typescript-eslint/parser': [ '8.46.1' ],
26 silly audit   '@typescript-eslint/project-service': [ '8.46.1' ],
26 silly audit   '@typescript-eslint/scope-manager': [ '8.46.1' ],
26 silly audit   '@typescript-eslint/tsconfig-utils': [ '8.46.1' ],
26 silly audit   '@typescript-eslint/type-utils': [ '8.46.1' ],
26 silly audit   '@typescript-eslint/types': [ '8.46.1' ],
26 silly audit   '@typescript-eslint/typescript-estree': [ '8.46.1' ],
26 silly audit   'brace-expansion': [ '2.0.2', '1.1.12' ],
26 silly audit   'fast-glob': [ '3.3.3', '3.3.1' ],
26 silly audit   'glob-parent': [ '5.1.2', '6.0.2' ],
26 silly audit   minimatch: [ '9.0.5', '3.1.2' ],
26 silly audit   '@typescript-eslint/utils': [ '8.46.1' ],
26 silly audit   '@typescript-eslint/visitor-keys': [ '8.46.1' ],
26 silly audit   '@unrs/resolver-binding-android-arm-eabi': [ '1.11.1' ],
26 silly audit   '@unrs/resolver-binding-android-arm64': [ '1.11.1' ],
26 silly audit   '@unrs/resolver-binding-darwin-arm64': [ '1.11.1' ],
26 silly audit   '@unrs/resolver-binding-darwin-x64': [ '1.11.1' ],
26 silly audit   '@unrs/resolver-binding-freebsd-x64': [ '1.11.1' ],
26 silly audit   '@unrs/resolver-binding-linux-arm-gnueabihf': [ '1.11.1' ],
26 silly audit   '@unrs/resolver-binding-linux-arm-musleabihf': [ '1.11.1' ],
26 silly audit   '@unrs/resolver-binding-linux-arm64-gnu': [ '1.11.1' ],
26 silly audit   '@unrs/resolver-binding-linux-arm64-musl': [ '1.11.1' ],
26 silly audit   '@unrs/resolver-binding-linux-ppc64-gnu': [ '1.11.1' ],
26 silly audit   '@unrs/resolver-binding-linux-riscv64-gnu': [ '1.11.1' ],
26 silly audit   '@unrs/resolver-binding-linux-riscv64-musl': [ '1.11.1' ],
26 silly audit   '@unrs/resolver-binding-linux-s390x-gnu': [ '1.11.1' ],
26 silly audit   '@unrs/resolver-binding-linux-x64-gnu': [ '1.11.1' ],
26 silly audit   '@unrs/resolver-binding-linux-x64-musl': [ '1.11.1' ],
26 silly audit   '@unrs/resolver-binding-wasm32-wasi': [ '1.11.1' ],
26 silly audit   '@unrs/resolver-binding-win32-arm64-msvc': [ '1.11.1' ],
26 silly audit   '@unrs/resolver-binding-win32-ia32-msvc': [ '1.11.1' ],
26 silly audit   '@unrs/resolver-binding-win32-x64-msvc': [ '1.11.1' ],
26 silly audit   acorn: [ '8.15.0' ],
26 silly audit   'acorn-jsx': [ '5.3.2' ],
26 silly audit   ajv: [ '6.12.6' ],
26 silly audit   'ansi-regex': [ '6.2.2', '5.0.1' ],
26 silly audit   'ansi-styles': [ '4.3.0', '6.2.3' ],
26 silly audit   'any-promise': [ '1.3.0' ],
26 silly audit   anymatch: [ '3.1.3' ],
26 silly audit   arg: [ '5.0.2' ],
26 silly audit   argparse: [ '2.0.1' ],
26 silly audit   'aria-query': [ '5.3.2' ],
26 silly audit   'array-buffer-byte-length': [ '1.0.2' ],
26 silly audit   'array-includes': [ '3.1.9' ],
26 silly audit   'array.prototype.findlast': [ '1.2.5' ],
26 silly audit   'array.prototype.findlastindex': [ '1.2.6' ],
26 silly audit   'array.prototype.flat': [ '1.3.3' ],
26 silly audit   'array.prototype.flatmap': [ '1.3.3' ],
26 silly audit   'array.prototype.tosorted': [ '1.1.4' ],
26 silly audit   'arraybuffer.prototype.slice': [ '1.0.4' ],
26 silly audit   'ast-types-flow': [ '0.0.8' ],
26 silly audit   'async-function': [ '1.0.0' ],
26 silly audit   'available-typed-arrays': [ '1.0.7' ],
26 silly audit   'axe-core': [ '4.11.0' ],
26 silly audit   'axobject-query': [ '4.1.0' ],
26 silly audit   'balanced-match': [ '1.0.2' ],
26 silly audit   'binary-extensions': [ '2.3.0' ],
26 silly audit   braces: [ '3.0.3' ],
26 silly audit   'call-bind': [ '1.0.8' ],
26 silly audit   'call-bind-apply-helpers': [ '1.0.2' ],
26 silly audit   'call-bound': [ '1.0.4' ],
26 silly audit   callsites: [ '3.1.0' ],
26 silly audit   'camelcase-css': [ '2.0.1' ],
26 silly audit   'caniuse-lite': [ '1.0.30001751' ],
26 silly audit   chalk: [ '4.1.2' ],
26 silly audit   chokidar: [ '3.6.0' ],
26 silly audit   chownr: [ '3.0.0' ],
26 silly audit   'class-variance-authority': [ '0.7.1' ],
26 silly audit   'client-only': [ '0.0.1' ],
26 silly audit   clsx: [ '2.1.1' ],
26 silly audit   'color-convert': [ '2.0.1' ],
26 silly audit   'color-name': [ '1.1.4' ],
26 silly audit   commander: [ '4.1.1' ],
26 silly audit   'concat-map': [ '0.0.1' ],
26 silly audit   'cross-spawn': [ '7.0.6' ],
26 silly audit   cssesc: [ '3.0.0' ],
26 silly audit   csstype: [ '3.1.3' ],
26 silly audit   'damerau-levenshtein': [ '1.0.8' ],
26 silly audit   'data-view-buffer': [ '1.0.2' ],
26 silly audit   'data-view-byte-length': [ '1.0.2' ],
26 silly audit   'data-view-byte-offset': [ '1.0.1' ],
26 silly audit   debug: [ '4.4.3', '3.2.7' ],
26 silly audit   'deep-is': [ '0.1.4' ],
26 silly audit   deepmerge: [ '4.3.1' ],
26 silly audit   'define-data-property': [ '1.1.4' ],
26 silly audit   'define-properties': [ '1.2.1' ],
26 silly audit   'detect-libc': [ '2.1.2' ],
26 silly audit   didyoumean: [ '1.2.2' ],
26 silly audit   dlv: [ '1.1.3' ],
26 silly audit   doctrine: [ '2.1.0' ],
26 silly audit   'dom-serializer': [ '2.0.0' ],
26 silly audit   domelementtype: [ '2.3.0' ],
26 silly audit   domhandler: [ '5.0.3' ],
26 silly audit   domutils: [ '3.2.2' ],
26 silly audit   'dunder-proto': [ '1.0.1' ],
26 silly audit   eastasianwidth: [ '0.2.0' ],
26 silly audit   'embla-carousel': [ '8.6.0' ],
26 silly audit   'embla-carousel-react': [ '8.6.0' ],
26 silly audit   'embla-carousel-reactive-utils': [ '8.6.0' ],
26 silly audit   'emoji-regex': [ '9.2.2', '8.0.0' ],
26 silly audit   'enhanced-resolve': [ '5.18.3' ],
26 silly audit   entities: [ '4.5.0' ],
26 silly audit   'es-abstract': [ '1.24.0' ],
26 silly audit   'es-define-property': [ '1.0.1' ],
26 silly audit   'es-errors': [ '1.3.0' ],
26 silly audit   'es-iterator-helpers': [ '1.2.1' ],
26 silly audit   'es-object-atoms': [ '1.1.1' ],
26 silly audit   'es-set-tostringtag': [ '2.1.0' ],
26 silly audit   'es-shim-unscopables': [ '1.1.0' ],
26 silly audit   'es-to-primitive': [ '1.3.0' ],
26 silly audit   'escape-string-regexp': [ '4.0.0' ],
26 silly audit   eslint: [ '9.38.0' ],
26 silly audit   'eslint-config-next': [ '15.5.6' ],
26 silly audit   'eslint-import-resolver-node': [ '0.3.9' ],
26 silly audit   'eslint-import-resolver-typescript': [ '3.10.1' ],
26 silly audit   'eslint-module-utils': [ '2.12.1' ],
26 silly audit   'eslint-plugin-import': [ '2.32.0' ],
26 silly audit   semver: [ '6.3.1', '7.7.3' ],
26 silly audit   'eslint-plugin-jsx-a11y': [ '6.10.2' ],
26 silly audit   'eslint-plugin-react': [ '7.37.5' ],
26 silly audit   'eslint-plugin-react-hooks': [ '5.2.0' ],
26 silly audit   resolve: [ '2.0.0-next.5', '1.22.10' ],
26 silly audit   'eslint-scope': [ '8.4.0' ],
26 silly audit   espree: [ '10.4.0' ],
26 silly audit   esquery: [ '1.6.0' ],
26 silly audit   esrecurse: [ '4.3.0' ],
26 silly audit   estraverse: [ '5.3.0' ],
26 silly audit   esutils: [ '2.0.3' ],
26 silly audit   'fast-deep-equal': [ '3.1.3', '2.0.1' ],
26 silly audit   'fast-json-stable-stringify': [ '2.1.0' ],
26 silly audit   'fast-levenshtein': [ '2.0.6' ],
26 silly audit   fastq: [ '1.19.1' ],
26 silly audit   'file-entry-cache': [ '8.0.0' ],
26 silly audit   'fill-range': [ '7.1.1' ],
26 silly audit   'find-up': [ '5.0.0' ],
26 silly audit   'flat-cache': [ '4.0.1' ],
26 silly audit   flatted: [ '3.3.3' ],
26 silly audit   'for-each': [ '0.3.5' ],
26 silly audit   'foreground-child': [ '3.3.1' ],
26 silly audit   'framer-motion': [ '11.18.2' ],
26 silly audit   fsevents: [ '2.3.3' ],
26 silly audit   'function-bind': [ '1.1.2' ],
26 silly audit   'function.prototype.name': [ '1.1.8' ],
26 silly audit   'functions-have-names': [ '1.2.3' ],
26 silly audit   'generator-function': [ '2.0.1' ],
26 silly audit   'get-intrinsic': [ '1.3.0' ],
26 silly audit   'get-proto': [ '1.0.1' ],
26 silly audit   'get-symbol-description': [ '1.1.0' ],
26 silly audit   'get-tsconfig': [ '4.12.0' ],
26 silly audit   glob: [ '10.4.5' ],
26 silly audit   globals: [ '14.0.0' ],
26 silly audit   globalthis: [ '1.0.4' ],
26 silly audit   gopd: [ '1.2.0' ],
26 silly audit   'graceful-fs': [ '4.2.11' ],
26 silly audit   graphemer: [ '1.4.0' ],
26 silly audit   'has-bigints': [ '1.1.0' ],
26 silly audit   'has-flag': [ '4.0.0' ],
26 silly audit   'has-property-descriptors': [ '1.0.2' ],
26 silly audit   'has-proto': [ '1.2.0' ],
26 silly audit   'has-symbols': [ '1.1.0' ],
26 silly audit   'has-tostringtag': [ '1.0.2' ],
26 silly audit   hasown: [ '2.0.2' ],
26 silly audit   'html-to-text': [ '9.0.5' ],
26 silly audit   htmlparser2: [ '8.0.2' ],
26 silly audit   'import-fresh': [ '3.3.1' ],
26 silly audit   imurmurhash: [ '0.1.4' ],
26 silly audit   'internal-slot': [ '1.1.0' ],
26 silly audit   'is-array-buffer': [ '3.0.5' ],
26 silly audit   'is-async-function': [ '2.1.1' ],
26 silly audit   'is-bigint': [ '1.1.0' ],
26 silly audit   'is-binary-path': [ '2.1.0' ],
26 silly audit   'is-boolean-object': [ '1.2.2' ],
26 silly audit   'is-bun-module': [ '2.0.0' ],
26 silly audit   'is-callable': [ '1.2.7' ],
26 silly audit   'is-core-module': [ '2.16.1' ],
26 silly audit   'is-data-view': [ '1.0.2' ],
26 silly audit   'is-date-object': [ '1.1.0' ],
26 silly audit   'is-extglob': [ '2.1.1' ],
26 silly audit   'is-finalizationregistry': [ '1.1.1' ],
26 silly audit   'is-fullwidth-code-point': [ '3.0.0' ],
26 silly audit   'is-generator-function': [ '1.1.2' ],
26 silly audit   'is-glob': [ '4.0.3' ],
26 silly audit   'is-map': [ '2.0.3' ],
26 silly audit   'is-negative-zero': [ '2.0.3' ],
26 silly audit   'is-number': [ '7.0.0' ],
26 silly audit   'is-number-object': [ '1.1.1' ],
26 silly audit   'is-regex': [ '1.2.1' ],
26 silly audit   'is-set': [ '2.0.3' ],
26 silly audit   'is-shared-array-buffer': [ '1.0.4' ],
26 silly audit   'is-string': [ '1.1.1' ],
26 silly audit   'is-symbol': [ '1.1.1' ],
26 silly audit   'is-typed-array': [ '1.1.15' ],
26 silly audit   'is-weakmap': [ '2.0.2' ],
26 silly audit   'is-weakref': [ '1.1.1' ],
26 silly audit   'is-weakset': [ '2.0.4' ],
26 silly audit   isarray: [ '2.0.5' ],
26 silly audit   isexe: [ '2.0.0' ],
26 silly audit   'iterator.prototype': [ '1.1.5' ],
26 silly audit   jackspeak: [ '3.4.3' ],
26 silly audit   jiti: [ '2.6.1', '1.21.7' ],
26 silly audit   'js-tokens': [ '4.0.0' ],
26 silly audit   'js-yaml': [ '4.1.0' ],
26 silly audit   'json-buffer': [ '3.0.1' ],
26 silly audit   'json-schema-traverse': [ '0.4.1' ],
26 silly audit   'json-stable-stringify-without-jsonify': [ '1.0.1' ],
26 silly audit   json5: [ '1.0.2' ],
26 silly audit   'jsx-ast-utils': [ '3.3.5' ],
26 silly audit   keyv: [ '4.5.4' ],
26 silly audit   'language-subtag-registry': [ '0.3.23' ],
26 silly audit   'language-tags': [ '1.0.9' ],
26 silly audit   leac: [ '0.6.0' ],
26 silly audit   levn: [ '0.4.1' ],
26 silly audit   lightningcss: [ '1.30.1' ],
26 silly audit   'lightningcss-darwin-arm64': [ '1.30.1' ],
26 silly audit   'lightningcss-darwin-x64': [ '1.30.1' ],
26 silly audit   'lightningcss-freebsd-x64': [ '1.30.1' ],
26 silly audit   'lightningcss-linux-arm-gnueabihf': [ '1.30.1' ],
26 silly audit   'lightningcss-linux-arm64-gnu': [ '1.30.1' ],
26 silly audit   'lightningcss-linux-arm64-musl': [ '1.30.1' ],
26 silly audit   'lightningcss-linux-x64-gnu': [ '1.30.1' ],
26 silly audit   'lightningcss-linux-x64-musl': [ '1.30.1' ],
26 silly audit   'lightningcss-win32-arm64-msvc': [ '1.30.1' ],
26 silly audit   'lightningcss-win32-x64-msvc': [ '1.30.1' ],
26 silly audit   lilconfig: [ '3.1.3' ],
26 silly audit   'lines-and-columns': [ '1.2.4' ],
26 silly audit   'locate-path': [ '6.0.0' ],
26 silly audit   'lodash.merge': [ '4.6.2' ],
26 silly audit   'loose-envify': [ '1.4.0' ],
26 silly audit   'lru-cache': [ '10.4.3' ],
26 silly audit   'lucide-react': [ '0.468.0' ],
26 silly audit   'magic-string': [ '0.30.19' ],
26 silly audit   'math-intrinsics': [ '1.1.0' ],
26 silly audit   merge2: [ '1.4.1' ],
26 silly audit   micromatch: [ '4.0.8' ],
26 silly audit   minimist: [ '1.2.8' ],
26 silly audit   minipass: [ '7.1.2' ],
26 silly audit   minizlib: [ '3.1.0' ],
26 silly audit   'motion-dom': [ '11.18.1' ],
26 silly audit   'motion-utils': [ '11.18.1' ],
26 silly audit   ms: [ '2.1.3' ],
26 silly audit   mz: [ '2.7.0' ],
26 silly audit   nanoid: [ '3.3.11' ],
26 silly audit   'napi-postinstall': [ '0.3.4' ],
26 silly audit   'natural-compare': [ '1.4.0' ],
26 silly audit   next: [ '15.5.6' ],
26 silly audit   postcss: [ '8.4.31', '8.5.6' ],
26 silly audit   'normalize-path': [ '3.0.0' ],
26 silly audit   'object-assign': [ '4.1.1' ],
26 silly audit   'object-hash': [ '3.0.0' ],
26 silly audit   'object-inspect': [ '1.13.4' ],
26 silly audit   'object-keys': [ '1.1.1' ],
26 silly audit   'object.assign': [ '4.1.7' ],
26 silly audit   'object.entries': [ '1.1.9' ],
26 silly audit   'object.fromentries': [ '2.0.8' ],
26 silly audit   'object.groupby': [ '1.0.3' ],
26 silly audit   'object.values': [ '1.2.1' ],
26 silly audit   optionator: [ '0.9.4' ],
26 silly audit   'own-keys': [ '1.0.1' ],
26 silly audit   'p-limit': [ '3.1.0' ],
26 silly audit   'p-locate': [ '5.0.0' ],
26 silly audit   'package-json-from-dist': [ '1.0.1' ],
26 silly audit   'parent-module': [ '1.0.1' ],
26 silly audit   parseley: [ '0.12.1' ],
26 silly audit   'path-exists': [ '4.0.0' ],
26 silly audit   'path-key': [ '3.1.1' ],
26 silly audit   'path-parse': [ '1.0.7' ],
26 silly audit   'path-scurry': [ '1.11.1' ],
26 silly audit   peberminta: [ '0.9.0' ],
26 silly audit   picocolors: [ '1.1.1' ],
26 silly audit   picomatch: [ '2.3.1', '4.0.3' ],
26 silly audit   pify: [ '2.3.0' ],
26 silly audit   pirates: [ '4.0.7' ],
26 silly audit   'possible-typed-array-names': [ '1.1.0' ],
26 silly audit   'postcss-import': [ '15.1.0' ],
26 silly audit   'postcss-js': [ '4.1.0' ],
26 silly audit   'postcss-load-config': [ '6.0.1' ],
26 silly audit   'postcss-nested': [ '6.2.0' ],
26 silly audit   'postcss-selector-parser': [ '6.1.2' ],
26 silly audit   'postcss-value-parser': [ '4.2.0' ],
26 silly audit   'prelude-ls': [ '1.2.1' ],
26 silly audit   prettier: [ '3.6.2' ],
26 silly audit   'prop-types': [ '15.8.1' ],
26 silly audit   punycode: [ '2.3.1' ],
26 silly audit   'queue-microtask': [ '1.2.3' ],
26 silly audit   react: [ '19.2.0' ],
26 silly audit   'react-dom': [ '19.2.0' ],
26 silly audit   'react-hook-form': [ '7.65.0' ],
26 silly audit   'react-is': [ '16.13.1' ],
26 silly audit   'react-promise-suspense': [ '0.3.4' ],
26 silly audit   'read-cache': [ '1.0.0' ],
26 silly audit   readdirp: [ '3.6.0' ],
26 silly audit   'reflect.getprototypeof': [ '1.0.10' ],
26 silly audit   'regexp.prototype.flags': [ '1.5.4' ],
26 silly audit   resend: [ '4.8.0' ],
26 silly audit   'resolve-from': [ '4.0.0' ],
26 silly audit   'resolve-pkg-maps': [ '1.0.0' ],
26 silly audit   reusify: [ '1.1.0' ],
26 silly audit   'run-parallel': [ '1.2.0' ],
26 silly audit   'safe-array-concat': [ '1.1.3' ],
26 silly audit   'safe-push-apply': [ '1.0.0' ],
26 silly audit   'safe-regex-test': [ '1.1.0' ],
26 silly audit   scheduler: [ '0.27.0' ],
26 silly audit   selderee: [ '0.11.0' ],
26 silly audit   'set-function-length': [ '1.2.2' ],
26 silly audit   'set-function-name': [ '2.0.2' ],
26 silly audit   'set-proto': [ '1.0.0' ],
26 silly audit   sharp: [ '0.34.4' ],
26 silly audit   'shebang-command': [ '2.0.0' ],
26 silly audit   'shebang-regex': [ '3.0.0' ],
26 silly audit   'side-channel': [ '1.1.0' ],
26 silly audit   'side-channel-list': [ '1.0.0' ],
26 silly audit   'side-channel-map': [ '1.0.1' ],
26 silly audit   'side-channel-weakmap': [ '1.0.2' ],
26 silly audit   'signal-exit': [ '4.1.0' ],
26 silly audit   sonner: [ '1.7.4' ],
26 silly audit   'source-map-js': [ '1.2.1' ],
26 silly audit   'stable-hash': [ '0.0.5' ],
26 silly audit   'stop-iteration-iterator': [ '1.1.0' ],
26 silly audit   'string-width': [ '5.1.2', '4.2.3' ],
26 silly audit   'strip-ansi': [ '6.0.1', '7.1.2' ],
26 silly audit   'string.prototype.includes': [ '2.0.1' ],
26 silly audit   'string.prototype.matchall': [ '4.0.12' ],
26 silly audit   'string.prototype.repeat': [ '1.0.0' ],
26 silly audit   'string.prototype.trim': [ '1.2.10' ],
26 silly audit   'string.prototype.trimend': [ '1.0.9' ],
26 silly audit   'string.prototype.trimstart': [ '1.0.8' ],
26 silly audit   'strip-bom': [ '3.0.0' ],
26 silly audit   'strip-json-comments': [ '3.1.1' ],
26 silly audit   'styled-jsx': [ '5.1.6' ],
26 silly audit   sucrase: [ '3.35.0' ],
26 silly audit   'supports-color': [ '7.2.0' ],
26 silly audit   'supports-preserve-symlinks-flag': [ '1.0.0' ],
26 silly audit   'tailwind-merge': [ '2.6.0' ],
26 silly audit   tapable: [ '2.3.0' ],
26 silly audit   tar: [ '7.5.1' ],
26 silly audit   thenify: [ '3.3.1' ],
26 silly audit   'thenify-all': [ '1.6.0' ],
26 silly audit   tinyglobby: [ '0.2.15' ],
26 silly audit   fdir: [ '6.5.0' ],
26 silly audit   'to-regex-range': [ '5.0.1' ],
26 silly audit   tr46: [ '0.0.3' ],
26 silly audit   'ts-api-utils': [ '2.1.0' ],
26 silly audit   'ts-interface-checker': [ '0.1.13' ],
26 silly audit   'tsconfig-paths': [ '3.15.0' ],
26 silly audit   tslib: [ '2.8.1' ],
26 silly audit   'type-check': [ '0.4.0' ],
26 silly audit   'typed-array-buffer': [ '1.0.3' ],
26 silly audit   'typed-array-byte-length': [ '1.0.3' ],
26 silly audit   'typed-array-byte-offset': [ '1.0.4' ],
26 silly audit   'typed-array-length': [ '1.0.7' ],
26 silly audit   typescript: [ '5.9.3' ],
26 silly audit   'unbox-primitive': [ '1.1.0' ],
26 silly audit   'undici-types': [ '6.21.0' ],
26 silly audit   'unrs-resolver': [ '1.11.1' ],
26 silly audit   'uri-js': [ '4.4.1' ],
26 silly audit   'util-deprecate': [ '1.0.2' ],
26 silly audit   'webidl-conversions': [ '3.0.1' ],
26 silly audit   'whatwg-url': [ '5.0.0' ],
26 silly audit   which: [ '2.0.2' ],
26 silly audit   'which-boxed-primitive': [ '1.1.1' ],
26 silly audit   'which-builtin-type': [ '1.2.1' ],
26 silly audit   'which-collection': [ '1.0.2' ],
26 silly audit   'which-typed-array': [ '1.1.19' ],
26 silly audit   'word-wrap': [ '1.2.5' ],
26 silly audit   'wrap-ansi': [ '8.1.0', '7.0.0' ],
26 silly audit   ws: [ '8.18.3' ],
26 silly audit   yallist: [ '5.0.0' ],
26 silly audit   'yet-another-react-lightbox': [ '3.25.0' ],
26 silly audit   'yocto-queue': [ '0.1.0' ],
26 silly audit   zod: [ '3.25.76' ],
26 silly audit   'tailwindcss-animate': [ '1.0.7' ],
26 silly audit   '@tailwindcss/oxide-wasm32-wasi': [ '4.1.14' ]
26 silly audit }
27 verbose reify failed optional dependency /Users/mohamedamrin/Desktop/exhibitfabricmy/node_modules/lightningcss-win32-x64-msvc
28 silly reify mark deleted [
28 silly reify   '/Users/mohamedamrin/Desktop/exhibitfabricmy/node_modules/lightningcss-win32-x64-msvc'
28 silly reify ]
29 verbose reify failed optional dependency /Users/mohamedamrin/Desktop/exhibitfabricmy/node_modules/lightningcss-win32-arm64-msvc
30 silly reify mark deleted [
30 silly reify   '/Users/mohamedamrin/Desktop/exhibitfabricmy/node_modules/lightningcss-win32-arm64-msvc'
30 silly reify ]
31 verbose reify failed optional dependency /Users/mohamedamrin/Desktop/exhibitfabricmy/node_modules/lightningcss-linux-x64-musl
32 silly reify mark deleted [
32 silly reify   '/Users/mohamedamrin/Desktop/exhibitfabricmy/node_modules/lightningcss-linux-x64-musl'
32 silly reify ]
33 verbose reify failed optional dependency /Users/mohamedamrin/Desktop/exhibitfabricmy/node_modules/lightningcss-linux-x64-gnu
34 silly reify mark deleted [
34 silly reify   '/Users/mohamedamrin/Desktop/exhibitfabricmy/node_modules/lightningcss-linux-x64-gnu'
34 silly reify ]
35 verbose reify failed optional dependency /Users/mohamedamrin/Desktop/exhibitfabricmy/node_modules/lightningcss-linux-arm64-musl
36 silly reify mark deleted [
36 silly reify   '/Users/mohamedamrin/Desktop/exhibitfabricmy/node_modules/lightningcss-linux-arm64-musl'
36 silly reify ]
37 verbose reify failed optional dependency /Users/mohamedamrin/Desktop/exhibitfabricmy/node_modules/lightningcss-linux-arm64-gnu
38 silly reify mark deleted [
38 silly reify   '/Users/mohamedamrin/Desktop/exhibitfabricmy/node_modules/lightningcss-linux-arm64-gnu'
38 silly reify ]
39 verbose reify failed optional dependency /Users/mohamedamrin/Desktop/exhibitfabricmy/node_modules/lightningcss-linux-arm-gnueabihf
40 silly reify mark deleted [
40 silly reify   '/Users/mohamedamrin/Desktop/exhibitfabricmy/node_modules/lightningcss-linux-arm-gnueabihf'
40 silly reify ]
41 verbose reify failed optional dependency /Users/mohamedamrin/Desktop/exhibitfabricmy/node_modules/lightningcss-freebsd-x64
42 silly reify mark deleted [
42 silly reify   '/Users/mohamedamrin/Desktop/exhibitfabricmy/node_modules/lightningcss-freebsd-x64'
42 silly reify ]
43 verbose reify failed optional dependency /Users/mohamedamrin/Desktop/exhibitfabricmy/node_modules/lightningcss-darwin-x64
44 silly reify mark deleted [
44 silly reify   '/Users/mohamedamrin/Desktop/exhibitfabricmy/node_modules/lightningcss-darwin-x64'
44 silly reify ]
45 verbose reify failed optional dependency /Users/mohamedamrin/Desktop/exhibitfabricmy/node_modules/@unrs/resolver-binding-win32-x64-msvc
46 silly reify mark deleted [
46 silly reify   '/Users/mohamedamrin/Desktop/exhibitfabricmy/node_modules/@unrs/resolver-binding-win32-x64-msvc'
46 silly reify ]
47 verbose reify failed optional dependency /Users/mohamedamrin/Desktop/exhibitfabricmy/node_modules/@unrs/resolver-binding-win32-ia32-msvc
48 silly reify mark deleted [
48 silly reify   '/Users/mohamedamrin/Desktop/exhibitfabricmy/node_modules/@unrs/resolver-binding-win32-ia32-msvc'
48 silly reify ]
49 verbose reify failed optional dependency /Users/mohamedamrin/Desktop/exhibitfabricmy/node_modules/@unrs/resolver-binding-win32-arm64-msvc
50 silly reify mark deleted [
50 silly reify   '/Users/mohamedamrin/Desktop/exhibitfabricmy/node_modules/@unrs/resolver-binding-win32-arm64-msvc'
50 silly reify ]
51 verbose reify failed optional dependency /Users/mohamedamrin/Desktop/exhibitfabricmy/node_modules/@unrs/resolver-binding-wasm32-wasi
52 silly reify mark deleted [
52 silly reify   '/Users/mohamedamrin/Desktop/exhibitfabricmy/node_modules/@unrs/resolver-binding-wasm32-wasi'
52 silly reify ]
53 verbose reify failed optional dependency /Users/mohamedamrin/Desktop/exhibitfabricmy/node_modules/@unrs/resolver-binding-linux-x64-musl
54 silly reify mark deleted [
54 silly reify   '/Users/mohamedamrin/Desktop/exhibitfabricmy/node_modules/@unrs/resolver-binding-linux-x64-musl'
54 silly reify ]
55 verbose reify failed optional dependency /Users/mohamedamrin/Desktop/exhibitfabricmy/node_modules/@unrs/resolver-binding-linux-x64-gnu
56 silly reify mark deleted [
56 silly reify   '/Users/mohamedamrin/Desktop/exhibitfabricmy/node_modules/@unrs/resolver-binding-linux-x64-gnu'
56 silly reify ]
57 verbose reify failed optional dependency /Users/mohamedamrin/Desktop/exhibitfabricmy/node_modules/@unrs/resolver-binding-linux-s390x-gnu
58 silly reify mark deleted [
58 silly reify   '/Users/mohamedamrin/Desktop/exhibitfabricmy/node_modules/@unrs/resolver-binding-linux-s390x-gnu'
58 silly reify ]
59 verbose reify failed optional dependency /Users/mohamedamrin/Desktop/exhibitfabricmy/node_modules/@unrs/resolver-binding-linux-riscv64-musl
60 silly reify mark deleted [
60 silly reify   '/Users/mohamedamrin/Desktop/exhibitfabricmy/node_modules/@unrs/resolver-binding-linux-riscv64-musl'
60 silly reify ]
61 verbose reify failed optional dependency /Users/mohamedamrin/Desktop/exhibitfabricmy/node_modules/@unrs/resolver-binding-linux-riscv64-gnu
62 silly reify mark deleted [
62 silly reify   '/Users/mohamedamrin/Desktop/exhibitfabricmy/node_modules/@unrs/resolver-binding-linux-riscv64-gnu'
62 silly reify ]
63 verbose reify failed optional dependency /Users/mohamedamrin/Desktop/exhibitfabricmy/node_modules/@unrs/resolver-binding-linux-ppc64-gnu
64 silly reify mark deleted [
64 silly reify   '/Users/mohamedamrin/Desktop/exhibitfabricmy/node_modules/@unrs/resolver-binding-linux-ppc64-gnu'
64 silly reify ]
65 verbose reify failed optional dependency /Users/mohamedamrin/Desktop/exhibitfabricmy/node_modules/@unrs/resolver-binding-linux-arm64-musl
66 silly reify mark deleted [
66 silly reify   '/Users/mohamedamrin/Desktop/exhibitfabricmy/node_modules/@unrs/resolver-binding-linux-arm64-musl'
66 silly reify ]
67 verbose reify failed optional dependency /Users/mohamedamrin/Desktop/exhibitfabricmy/node_modules/@unrs/resolver-binding-linux-arm64-gnu
68 silly reify mark deleted [
68 silly reify   '/Users/mohamedamrin/Desktop/exhibitfabricmy/node_modules/@unrs/resolver-binding-linux-arm64-gnu'
68 silly reify ]
69 verbose reify failed optional dependency /Users/mohamedamrin/Desktop/exhibitfabricmy/node_modules/@unrs/resolver-binding-linux-arm-musleabihf
70 silly reify mark deleted [
70 silly reify   '/Users/mohamedamrin/Desktop/exhibitfabricmy/node_modules/@unrs/resolver-binding-linux-arm-musleabihf'
70 silly reify ]
71 verbose reify failed optional dependency /Users/mohamedamrin/Desktop/exhibitfabricmy/node_modules/@unrs/resolver-binding-linux-arm-gnueabihf
72 silly reify mark deleted [
72 silly reify   '/Users/mohamedamrin/Desktop/exhibitfabricmy/node_modules/@unrs/resolver-binding-linux-arm-gnueabihf'
72 silly reify ]
73 verbose reify failed optional dependency /Users/mohamedamrin/Desktop/exhibitfabricmy/node_modules/@unrs/resolver-binding-freebsd-x64
74 silly reify mark deleted [
74 silly reify   '/Users/mohamedamrin/Desktop/exhibitfabricmy/node_modules/@unrs/resolver-binding-freebsd-x64'
74 silly reify ]
75 verbose reify failed optional dependency /Users/mohamedamrin/Desktop/exhibitfabricmy/node_modules/@unrs/resolver-binding-darwin-x64
76 silly reify mark deleted [
76 silly reify   '/Users/mohamedamrin/Desktop/exhibitfabricmy/node_modules/@unrs/resolver-binding-darwin-x64'
76 silly reify ]
77 verbose reify failed optional dependency /Users/mohamedamrin/Desktop/exhibitfabricmy/node_modules/@unrs/resolver-binding-android-arm64
78 silly reify mark deleted [
78 silly reify   '/Users/mohamedamrin/Desktop/exhibitfabricmy/node_modules/@unrs/resolver-binding-android-arm64'
78 silly reify ]
79 verbose reify failed optional dependency /Users/mohamedamrin/Desktop/exhibitfabricmy/node_modules/@unrs/resolver-binding-android-arm-eabi
80 silly reify mark deleted [
80 silly reify   '/Users/mohamedamrin/Desktop/exhibitfabricmy/node_modules/@unrs/resolver-binding-android-arm-eabi'
80 silly reify ]
81 verbose reify failed optional dependency /Users/mohamedamrin/Desktop/exhibitfabricmy/node_modules/@tailwindcss/oxide-win32-x64-msvc
82 silly reify mark deleted [
82 silly reify   '/Users/mohamedamrin/Desktop/exhibitfabricmy/node_modules/@tailwindcss/oxide-win32-x64-msvc'
82 silly reify ]
83 verbose reify failed optional dependency /Users/mohamedamrin/Desktop/exhibitfabricmy/node_modules/@tailwindcss/oxide-win32-arm64-msvc
84 silly reify mark deleted [
84 silly reify   '/Users/mohamedamrin/Desktop/exhibitfabricmy/node_modules/@tailwindcss/oxide-win32-arm64-msvc'
84 silly reify ]
85 verbose reify failed optional dependency /Users/mohamedamrin/Desktop/exhibitfabricmy/node_modules/@tailwindcss/oxide-linux-x64-musl
86 silly reify mark deleted [
86 silly reify   '/Users/mohamedamrin/Desktop/exhibitfabricmy/node_modules/@tailwindcss/oxide-linux-x64-musl'
86 silly reify ]
87 verbose reify failed optional dependency /Users/mohamedamrin/Desktop/exhibitfabricmy/node_modules/@tailwindcss/oxide-linux-x64-gnu
88 silly reify mark deleted [
88 silly reify   '/Users/mohamedamrin/Desktop/exhibitfabricmy/node_modules/@tailwindcss/oxide-linux-x64-gnu'
88 silly reify ]
89 verbose reify failed optional dependency /Users/mohamedamrin/Desktop/exhibitfabricmy/node_modules/@tailwindcss/oxide-linux-arm64-musl
90 silly reify mark deleted [
90 silly reify   '/Users/mohamedamrin/Desktop/exhibitfabricmy/node_modules/@tailwindcss/oxide-linux-arm64-musl'
90 silly reify ]
91 verbose reify failed optional dependency /Users/mohamedamrin/Desktop/exhibitfabricmy/node_modules/@tailwindcss/oxide-linux-arm64-gnu
92 silly reify mark deleted [
92 silly reify   '/Users/mohamedamrin/Desktop/exhibitfabricmy/node_modules/@tailwindcss/oxide-linux-arm64-gnu'
92 silly reify ]
93 verbose reify failed optional dependency /Users/mohamedamrin/Desktop/exhibitfabricmy/node_modules/@tailwindcss/oxide-linux-arm-gnueabihf
94 silly reify mark deleted [
94 silly reify   '/Users/mohamedamrin/Desktop/exhibitfabricmy/node_modules/@tailwindcss/oxide-linux-arm-gnueabihf'
94 silly reify ]
95 verbose reify failed optional dependency /Users/mohamedamrin/Desktop/exhibitfabricmy/node_modules/@tailwindcss/oxide-freebsd-x64
96 silly reify mark deleted [
96 silly reify   '/Users/mohamedamrin/Desktop/exhibitfabricmy/node_modules/@tailwindcss/oxide-freebsd-x64'
96 silly reify ]
97 verbose reify failed optional dependency /Users/mohamedamrin/Desktop/exhibitfabricmy/node_modules/@tailwindcss/oxide-darwin-x64
98 silly reify mark deleted [
98 silly reify   '/Users/mohamedamrin/Desktop/exhibitfabricmy/node_modules/@tailwindcss/oxide-darwin-x64'
98 silly reify ]
99 verbose reify failed optional dependency /Users/mohamedamrin/Desktop/exhibitfabricmy/node_modules/@tailwindcss/oxide-android-arm64
100 silly reify mark deleted [
100 silly reify   '/Users/mohamedamrin/Desktop/exhibitfabricmy/node_modules/@tailwindcss/oxide-android-arm64'
100 silly reify ]
101 verbose reify failed optional dependency /Users/mohamedamrin/Desktop/exhibitfabricmy/node_modules/@next/swc-win32-x64-msvc
102 silly reify mark deleted [
102 silly reify   '/Users/mohamedamrin/Desktop/exhibitfabricmy/node_modules/@next/swc-win32-x64-msvc'
102 silly reify ]
103 verbose reify failed optional dependency /Users/mohamedamrin/Desktop/exhibitfabricmy/node_modules/@next/swc-win32-arm64-msvc
104 silly reify mark deleted [
104 silly reify   '/Users/mohamedamrin/Desktop/exhibitfabricmy/node_modules/@next/swc-win32-arm64-msvc'
104 silly reify ]
105 verbose reify failed optional dependency /Users/mohamedamrin/Desktop/exhibitfabricmy/node_modules/@next/swc-linux-x64-musl
106 silly reify mark deleted [
106 silly reify   '/Users/mohamedamrin/Desktop/exhibitfabricmy/node_modules/@next/swc-linux-x64-musl'
106 silly reify ]
107 verbose reify failed optional dependency /Users/mohamedamrin/Desktop/exhibitfabricmy/node_modules/@next/swc-linux-x64-gnu
108 silly reify mark deleted [
108 silly reify   '/Users/mohamedamrin/Desktop/exhibitfabricmy/node_modules/@next/swc-linux-x64-gnu'
108 silly reify ]
109 verbose reify failed optional dependency /Users/mohamedamrin/Desktop/exhibitfabricmy/node_modules/@next/swc-linux-arm64-musl
110 silly reify mark deleted [
110 silly reify   '/Users/mohamedamrin/Desktop/exhibitfabricmy/node_modules/@next/swc-linux-arm64-musl'
110 silly reify ]
111 verbose reify failed optional dependency /Users/mohamedamrin/Desktop/exhibitfabricmy/node_modules/@next/swc-linux-arm64-gnu
112 silly reify mark deleted [
112 silly reify   '/Users/mohamedamrin/Desktop/exhibitfabricmy/node_modules/@next/swc-linux-arm64-gnu'
112 silly reify ]
113 verbose reify failed optional dependency /Users/mohamedamrin/Desktop/exhibitfabricmy/node_modules/@next/swc-darwin-x64
114 silly reify mark deleted [
114 silly reify   '/Users/mohamedamrin/Desktop/exhibitfabricmy/node_modules/@next/swc-darwin-x64'
114 silly reify ]
115 verbose reify failed optional dependency /Users/mohamedamrin/Desktop/exhibitfabricmy/node_modules/@img/sharp-win32-x64
116 silly reify mark deleted [
116 silly reify   '/Users/mohamedamrin/Desktop/exhibitfabricmy/node_modules/@img/sharp-win32-x64'
116 silly reify ]
117 verbose reify failed optional dependency /Users/mohamedamrin/Desktop/exhibitfabricmy/node_modules/@img/sharp-win32-ia32
118 silly reify mark deleted [
118 silly reify   '/Users/mohamedamrin/Desktop/exhibitfabricmy/node_modules/@img/sharp-win32-ia32'
118 silly reify ]
119 verbose reify failed optional dependency /Users/mohamedamrin/Desktop/exhibitfabricmy/node_modules/@img/sharp-win32-arm64
120 silly reify mark deleted [
120 silly reify   '/Users/mohamedamrin/Desktop/exhibitfabricmy/node_modules/@img/sharp-win32-arm64'
120 silly reify ]
121 verbose reify failed optional dependency /Users/mohamedamrin/Desktop/exhibitfabricmy/node_modules/@img/sharp-wasm32
122 silly reify mark deleted [
122 silly reify   '/Users/mohamedamrin/Desktop/exhibitfabricmy/node_modules/@img/sharp-wasm32'
122 silly reify ]
123 verbose reify failed optional dependency /Users/mohamedamrin/Desktop/exhibitfabricmy/node_modules/@img/sharp-linuxmusl-x64
124 silly reify mark deleted [
124 silly reify   '/Users/mohamedamrin/Desktop/exhibitfabricmy/node_modules/@img/sharp-linuxmusl-x64'
124 silly reify ]
125 verbose reify failed optional dependency /Users/mohamedamrin/Desktop/exhibitfabricmy/node_modules/@img/sharp-linuxmusl-arm64
126 silly reify mark deleted [
126 silly reify   '/Users/mohamedamrin/Desktop/exhibitfabricmy/node_modules/@img/sharp-linuxmusl-arm64'
126 silly reify ]
127 verbose reify failed optional dependency /Users/mohamedamrin/Desktop/exhibitfabricmy/node_modules/@img/sharp-linux-x64
128 silly reify mark deleted [
128 silly reify   '/Users/mohamedamrin/Desktop/exhibitfabricmy/node_modules/@img/sharp-linux-x64'
128 silly reify ]
129 verbose reify failed optional dependency /Users/mohamedamrin/Desktop/exhibitfabricmy/node_modules/@img/sharp-linux-s390x
130 silly reify mark deleted [
130 silly reify   '/Users/mohamedamrin/Desktop/exhibitfabricmy/node_modules/@img/sharp-linux-s390x'
130 silly reify ]
131 verbose reify failed optional dependency /Users/mohamedamrin/Desktop/exhibitfabricmy/node_modules/@img/sharp-linux-ppc64
132 silly reify mark deleted [
132 silly reify   '/Users/mohamedamrin/Desktop/exhibitfabricmy/node_modules/@img/sharp-linux-ppc64'
132 silly reify ]
133 verbose reify failed optional dependency /Users/mohamedamrin/Desktop/exhibitfabricmy/node_modules/@img/sharp-linux-arm64
134 silly reify mark deleted [
134 silly reify   '/Users/mohamedamrin/Desktop/exhibitfabricmy/node_modules/@img/sharp-linux-arm64'
134 silly reify ]
135 verbose reify failed optional dependency /Users/mohamedamrin/Desktop/exhibitfabricmy/node_modules/@img/sharp-linux-arm
136 silly reify mark deleted [
136 silly reify   '/Users/mohamedamrin/Desktop/exhibitfabricmy/node_modules/@img/sharp-linux-arm'
136 silly reify ]
137 verbose reify failed optional dependency /Users/mohamedamrin/Desktop/exhibitfabricmy/node_modules/@img/sharp-libvips-linuxmusl-x64
138 silly reify mark deleted [
138 silly reify   '/Users/mohamedamrin/Desktop/exhibitfabricmy/node_modules/@img/sharp-libvips-linuxmusl-x64'
138 silly reify ]
139 verbose reify failed optional dependency /Users/mohamedamrin/Desktop/exhibitfabricmy/node_modules/@img/sharp-libvips-linuxmusl-arm64
140 silly reify mark deleted [
140 silly reify   '/Users/mohamedamrin/Desktop/exhibitfabricmy/node_modules/@img/sharp-libvips-linuxmusl-arm64'
140 silly reify ]
141 verbose reify failed optional dependency /Users/mohamedamrin/Desktop/exhibitfabricmy/node_modules/@img/sharp-libvips-linux-x64
142 silly reify mark deleted [
142 silly reify   '/Users/mohamedamrin/Desktop/exhibitfabricmy/node_modules/@img/sharp-libvips-linux-x64'
142 silly reify ]
143 verbose reify failed optional dependency /Users/mohamedamrin/Desktop/exhibitfabricmy/node_modules/@img/sharp-libvips-linux-s390x
144 silly reify mark deleted [
144 silly reify   '/Users/mohamedamrin/Desktop/exhibitfabricmy/node_modules/@img/sharp-libvips-linux-s390x'
144 silly reify ]
145 verbose reify failed optional dependency /Users/mohamedamrin/Desktop/exhibitfabricmy/node_modules/@img/sharp-libvips-linux-ppc64
146 silly reify mark deleted [
146 silly reify   '/Users/mohamedamrin/Desktop/exhibitfabricmy/node_modules/@img/sharp-libvips-linux-ppc64'
146 silly reify ]
147 verbose reify failed optional dependency /Users/mohamedamrin/Desktop/exhibitfabricmy/node_modules/@img/sharp-libvips-linux-arm64
148 silly reify mark deleted [
148 silly reify   '/Users/mohamedamrin/Desktop/exhibitfabricmy/node_modules/@img/sharp-libvips-linux-arm64'
148 silly reify ]
149 verbose reify failed optional dependency /Users/mohamedamrin/Desktop/exhibitfabricmy/node_modules/@img/sharp-libvips-linux-arm
150 silly reify mark deleted [
150 silly reify   '/Users/mohamedamrin/Desktop/exhibitfabricmy/node_modules/@img/sharp-libvips-linux-arm'
150 silly reify ]
151 verbose reify failed optional dependency /Users/mohamedamrin/Desktop/exhibitfabricmy/node_modules/@img/sharp-libvips-darwin-x64
152 silly reify mark deleted [
152 silly reify   '/Users/mohamedamrin/Desktop/exhibitfabricmy/node_modules/@img/sharp-libvips-darwin-x64'
152 silly reify ]
153 verbose reify failed optional dependency /Users/mohamedamrin/Desktop/exhibitfabricmy/node_modules/@img/sharp-darwin-x64
154 silly reify mark deleted [
154 silly reify   '/Users/mohamedamrin/Desktop/exhibitfabricmy/node_modules/@img/sharp-darwin-x64'
154 silly reify ]
155 http cache fsevents@https://registry.npmjs.org/fsevents/-/fsevents-2.3.3.tgz 0ms (cache hit)
156 http cache tailwindcss-animate@https://registry.npmjs.org/tailwindcss-animate/-/tailwindcss-animate-1.0.7.tgz 0ms (cache hit)
157 silly tarball no local data for tailwindcss-animate@https://registry.npmjs.org/tailwindcss-animate/-/tailwindcss-animate-1.0.7.tgz. Extracting by manifest.
158 http fetch POST 200 https://registry.npmjs.org/-/npm/v1/security/advisories/bulk 316ms
159 silly audit report {}
160 http fetch GET 200 https://registry.npmjs.org/tailwindcss-animate/-/tailwindcss-animate-1.0.7.tgz 324ms (cache miss)
161 silly ADD node_modules/tailwindcss-animate
162 silly ADD
163 silly ADD
164 silly ADD
165 silly ADD
166 silly ADD
167 silly ADD
168 silly ADD
169 silly ADD
170 silly ADD
171 silly ADD node_modules/fsevents
172 silly ADD
173 silly ADD
174 silly ADD
175 silly ADD
176 silly ADD
177 silly ADD
178 silly ADD
179 silly ADD
180 silly ADD
181 silly ADD
182 silly ADD
183 silly ADD
184 silly ADD
185 silly ADD
186 silly ADD
187 silly ADD
188 silly ADD
189 silly ADD
190 silly ADD
191 silly ADD
192 silly ADD
193 silly ADD
194 silly ADD
195 silly ADD
196 silly ADD
197 silly ADD
198 silly ADD
199 silly ADD
200 silly ADD
201 silly ADD
202 silly ADD
203 silly ADD
204 silly ADD
205 silly ADD
206 silly ADD
207 silly ADD
208 silly ADD
209 silly ADD
210 silly ADD
211 silly ADD
212 silly ADD
213 silly ADD
214 silly ADD
215 silly ADD
216 silly ADD
217 silly ADD
218 silly ADD
219 silly ADD
220 silly ADD
221 silly ADD
222 silly ADD
223 silly ADD
224 silly ADD
225 silly ADD
226 silly ADD
227 silly ADD
228 verbose cwd /Users/mohamedamrin/Desktop/exhibitfabricmy
229 verbose os Darwin 25.0.0
230 verbose node v22.18.0
231 verbose npm  v10.9.3
232 verbose exit 0
233 info ok
